#
# A fatal error has been detected by the Java Runtime Environment:
#
#  EXCEPTION_ACCESS_VIOLATION (0xc0000005) at pc=0x00007ffde34cf906, pid=9024, tid=9676
#
# JRE version: Java(TM) SE Runtime Environment 18.9 (11.0.16+11) (build 11.0.16+11-LTS-199)
# Java VM: Java HotSpot(TM) 64-Bit Server VM 18.9 (11.0.16+11-LTS-199, mixed mode, tiered, compressed oops, g1 gc, windows-amd64)
# Problematic frame:
# V  [jvm.dll+0x1cf906]
#
# No core dump will be written. Minidumps are not enabled by default on client versions of Windows
#
# If you would like to submit a bug report, please visit:
#   https://bugreport.java.com/bugreport/crash.jsp
#

---------------  S U M M A R Y ------------

Command Line: -Dfile.encoding=MS950 com.example.demo_project.DemoProjectApplication

Host: Intel(R) Core(TM) i5-7300U CPU @ 2.60GHz, 4 cores, 7G,  Windows 10 , 64 bit Build 19041 (10.0.19041.3031)
Time: Fri Jun 16 15:47:30 2023  Windows 10 , 64 bit Build 19041 (10.0.19041.3031) elapsed time: 13.310435 seconds (0d 0h 0m 13s)

---------------  T H R E A D  ---------------

Current thread (0x000002be35b75800):  JavaThread "C2 CompilerThread0" daemon [_thread_in_native, id=9676, stack(0x000000d9a4800000,0x000000d9a4900000)]


Current CompileTask:
C2:  13310 5504       4       org.aspectj.weaver.ReferenceType::getDeclaredInterfaces (397 bytes)

Stack: [0x000000d9a4800000,0x000000d9a4900000],  sp=0x000000d9a48fbc40,  free space=1007k
Native frames: (J=compiled Java code, j=interpreted, Vv=VM code, C=native code)
V  [jvm.dll+0x1cf906]
V  [jvm.dll+0x18c824]
V  [jvm.dll+0x1f85b2]
V  [jvm.dll+0x1f768d]
V  [jvm.dll+0x177c81]
V  [jvm.dll+0x207006]
V  [jvm.dll+0x20519b]
V  [jvm.dll+0x729fa0]
V  [jvm.dll+0x722b74]
V  [jvm.dll+0x629286]
C  [ucrtbase.dll+0x21bb2]
C  [KERNEL32.DLL+0x17614]
C  [ntdll.dll+0x526f1]


siginfo: EXCEPTION_ACCESS_VIOLATION (0xc0000005), reading address 0x00000abe3738b028


Register to memory mapping:

RIP=0x00007ffde34cf906 jvm.dll
RAX=0x000002be36465a60 points into unknown readable memory: 0x000002be3aeff710 | 10 f7 ef 3a be 02 00 00
RBX=0x000000d9a48fe680 is pointing into the stack for thread: 0x000002be35b75800
RCX=0x0000000000000001 is an unknown value
RDX=0x000000000000001d is an unknown value
RSP=0x000000d9a48fbc40 is pointing into the stack for thread: 0x000002be35b75800
RBP=0x00000000000f423f is an unknown value
RSI=0x0000000000000003 is an unknown value
RDI=0x0 is NULL
R8 =0x000002be35b75800 is a thread
R9 =0x000002be3738ae18 points into unknown readable memory: 0x0000000000000000 | 00 00 00 00 00 00 00 00
R10=0x000002be36ae91e8 points into unknown readable memory: 0x000002be3aeff868 | 68 f8 ef 3a be 02 00 00
R11=0x000002be36ae9228 points into unknown readable memory: 0x000002be3738b238 | 38 b2 38 37 be 02 00 00
R12=0x000000d9a48fbdf0 is pointing into the stack for thread: 0x000002be35b75800
R13=0x00000abe3738b010 is an unknown value
R14=0x0000000000000001 is an unknown value
R15=0x000002be3aeff778 points into unknown readable memory: 0x00007ffde3b31a50 | 50 1a b3 e3 fd 7f 00 00


Registers:
RAX=0x000002be36465a60, RBX=0x000000d9a48fe680, RCX=0x0000000000000001, RDX=0x000000000000001d
RSP=0x000000d9a48fbc40, RBP=0x00000000000f423f, RSI=0x0000000000000003, RDI=0x0000000000000000
R8 =0x000002be35b75800, R9 =0x000002be3738ae18, R10=0x000002be36ae91e8, R11=0x000002be36ae9228
R12=0x000000d9a48fbdf0, R13=0x00000abe3738b010, R14=0x0000000000000001, R15=0x000002be3aeff778
RIP=0x00007ffde34cf906, EFLAGS=0x0000000000010283

Top of Stack: (sp=0x000000d9a48fbc40)
0x000000d9a48fbc40:   0000000000000000 0000000000000003
0x000000d9a48fbc50:   000002be00000000 0000000000000008
0x000000d9a48fbc60:   000002be37d00ee0 00007ffde34ce9a7
0x000000d9a48fbc70:   000002be0000001d 0000000200000000
0x000000d9a48fbc80:   0000000000000000 000002be3aeff778
0x000000d9a48fbc90:   0000000000000000 0000000000000000
0x000000d9a48fbca0:   000002be3bc59480 00000000000003d8
0x000000d9a48fbcb0:   000002be3bc59470 000002be3bc59858
0x000000d9a48fbcc0:   0000000000000000 000000d9a48fc248
0x000000d9a48fbcd0:   000000d9a48fbde0 00007ffde348c824
0x000000d9a48fbce0:   000000d9a48fbdf0 000000d9a48fc160
0x000000d9a48fbcf0:   000002be00000001 000002be3aeff448
0x000000d9a48fbd00:   00007ffde3b30d00 000000000000000d
0x000000d9a48fbd10:   00007ffd00000006 000002be3bc59470
0x000000d9a48fbd20:   000002be390ddab0 000002be390e20e0
0x000000d9a48fbd30:   000002be390e5a98 000000000043aa60 

Instructions: (pc=0x00007ffde34cf906)
0x00007ffde34cf8e6:   28 0f 86 64 0f 00 00 0f 1f 00 45 3b 77 18 73 0d
0x00007ffde34cf8f6:   49 8b 47 20 41 8b ce 4c 8b 2c c8 eb 03 45 33 ed
0x00007ffde34cf906:   41 8b 45 18 4c 89 ac 24 b8 00 00 00 83 f8 01 0f
0x00007ffde34cf916:   86 23 01 00 00 41 be 08 00 00 00 44 8d 78 ff 66 


Stack slot to memory mapping:
stack at sp + 0 slots: 0x0 is NULL
stack at sp + 1 slots: 0x0000000000000003 is an unknown value
stack at sp + 2 slots: 0x000002be00000000 is an unknown value
stack at sp + 3 slots: 0x0000000000000008 is an unknown value
stack at sp + 4 slots: 0x000002be37d00ee0 points into unknown readable memory: 0x00007ffde3b31a50 | 50 1a b3 e3 fd 7f 00 00
stack at sp + 5 slots: 0x00007ffde34ce9a7 jvm.dll
stack at sp + 6 slots: 0x000002be0000001d is an unknown value
stack at sp + 7 slots: 0x0000000200000000 is an unknown value


---------------  P R O C E S S  ---------------

Threads class SMR info:
_java_thread_list=0x000002be38f0ced0, length=17, elements={
0x000002be1848d000, 0x000002be35b55000, 0x000002be35b4e000, 0x000002be35b6f800,
0x000002be35b70000, 0x000002be35b72000, 0x000002be35b75800, 0x000002be3642b800,
0x000002be36431000, 0x000002be36590000, 0x000002be366c7800, 0x000002be366ee800,
0x000002be3647b000, 0x000002be3647b800, 0x000002be3647c800, 0x000002be36478800,
0x000002be3647d000
}

Java Threads: ( => current thread )
  0x000002be1848d000 JavaThread "main" [_thread_in_native, id=11172, stack(0x000000d9a3c00000,0x000000d9a3d00000)]
  0x000002be35b55000 JavaThread "Reference Handler" daemon [_thread_blocked, id=1252, stack(0x000000d9a4300000,0x000000d9a4400000)]
  0x000002be35b4e000 JavaThread "Finalizer" daemon [_thread_blocked, id=10164, stack(0x000000d9a4400000,0x000000d9a4500000)]
  0x000002be35b6f800 JavaThread "Signal Dispatcher" daemon [_thread_blocked, id=9632, stack(0x000000d9a4500000,0x000000d9a4600000)]
  0x000002be35b70000 JavaThread "Attach Listener" daemon [_thread_blocked, id=3560, stack(0x000000d9a4600000,0x000000d9a4700000)]
  0x000002be35b72000 JavaThread "Service Thread" daemon [_thread_blocked, id=6752, stack(0x000000d9a4700000,0x000000d9a4800000)]
=>0x000002be35b75800 JavaThread "C2 CompilerThread0" daemon [_thread_in_native, id=9676, stack(0x000000d9a4800000,0x000000d9a4900000)]
  0x000002be3642b800 JavaThread "C1 CompilerThread0" daemon [_thread_blocked, id=2524, stack(0x000000d9a4900000,0x000000d9a4a00000)]
  0x000002be36431000 JavaThread "Sweeper thread" daemon [_thread_blocked, id=10236, stack(0x000000d9a4a00000,0x000000d9a4b00000)]
  0x000002be36590000 JavaThread "Common-Cleaner" daemon [_thread_blocked, id=9460, stack(0x000000d9a4c00000,0x000000d9a4d00000)]
  0x000002be366c7800 JavaThread "C2 CompilerThread1" daemon [_thread_in_native, id=3848, stack(0x000000d9a4d00000,0x000000d9a4e00000)]
  0x000002be366ee800 JavaThread "logback-2" daemon [_thread_blocked, id=2332, stack(0x000000d9a5000000,0x000000d9a5100000)]
  0x000002be3647b000 JavaThread "Catalina-utility-1" [_thread_blocked, id=4764, stack(0x000000d9a5200000,0x000000d9a5300000)]
  0x000002be3647b800 JavaThread "Catalina-utility-2" [_thread_blocked, id=5976, stack(0x000000d9a5400000,0x000000d9a5500000)]
  0x000002be3647c800 JavaThread "container-0" [_thread_blocked, id=6244, stack(0x000000d9a5500000,0x000000d9a5600000)]
  0x000002be36478800 JavaThread "mysql-cj-abandoned-connection-cleanup" daemon [_thread_blocked, id=6684, stack(0x000000d9a5600000,0x000000d9a5700000)]
  0x000002be3647d000 JavaThread "HikariPool-1 housekeeper" daemon [_thread_blocked, id=7008, stack(0x000000d9a5800000,0x000000d9a5900000)]

Other Threads:
  0x000002be35b20800 VMThread "VM Thread" [stack: 0x000000d9a4200000,0x000000d9a4300000] [id=2852]
  0x000002be364e5800 WatcherThread [stack: 0x000000d9a4b00000,0x000000d9a4c00000] [id=5920]
  0x000002be184a3800 GCTaskThread "GC Thread#0" [stack: 0x000000d9a3d00000,0x000000d9a3e00000] [id=4736]
  0x000002be37377000 GCTaskThread "GC Thread#1" [stack: 0x000000d9a4e00000,0x000000d9a4f00000] [id=1340]
  0x000002be37378000 GCTaskThread "GC Thread#2" [stack: 0x000000d9a4f00000,0x000000d9a5000000] [id=7676]
  0x000002be3763b800 GCTaskThread "GC Thread#3" [stack: 0x000000d9a5300000,0x000000d9a5400000] [id=5000]
  0x000002be184d4800 ConcurrentGCThread "G1 Main Marker" [stack: 0x000000d9a3e00000,0x000000d9a3f00000] [id=5208]
  0x000002be184d8000 ConcurrentGCThread "G1 Conc#0" [stack: 0x000000d9a3f00000,0x000000d9a4000000] [id=4744]
  0x000002be18555800 ConcurrentGCThread "G1 Refine#0" [stack: 0x000000d9a4000000,0x000000d9a4100000] [id=3952]
  0x000002be35990800 ConcurrentGCThread "G1 Young RemSet Sampling" [stack: 0x000000d9a4100000,0x000000d9a4200000] [id=10204]

Threads with active compile tasks:
C2 CompilerThread0    13422 5504       4       org.aspectj.weaver.ReferenceType::getDeclaredInterfaces (397 bytes)
C2 CompilerThread1    13422 5513   !   4       org.aspectj.weaver.World::resolve (297 bytes)

VM state:not at safepoint (normal execution)

VM Mutex/Monitor currently owned by a thread: None

Heap address: 0x0000000081e00000, size: 2018 MB, Compressed Oops mode: 32-bit
Narrow klass base: 0x0000000000000000, Narrow klass shift: 3
Compressed class space size: 1073741824 Address: 0x0000000100000000

Heap:
 garbage-first heap   total 157696K, used 84878K [0x0000000081e00000, 0x0000000100000000)
  region size 1024K, 63 young (64512K), 8 survivors (8192K)
 Metaspace       used 67517K, capacity 69154K, committed 69324K, reserved 1110016K
  class space    used 8492K, capacity 9173K, committed 9216K, reserved 1048576K
Heap Regions: E=young(eden), S=young(survivor), O=old, HS=humongous(starts), HC=humongous(continues), CS=collection set, F=free, A=archive, TAMS=top-at-mark-start (previous, next)
|   0|0x0000000081e00000, 0x0000000081f00000, 0x0000000081f00000|100%|HS|  |TAMS 0x0000000081f00000, 0x0000000081e00000| Complete 
|   1|0x0000000081f00000, 0x0000000082000000, 0x0000000082000000|100%| O|  |TAMS 0x0000000082000000, 0x0000000081f00000| Untracked 
|   2|0x0000000082000000, 0x0000000082100000, 0x0000000082100000|100%| O|  |TAMS 0x0000000082100000, 0x0000000082000000| Untracked 
|   3|0x0000000082100000, 0x0000000082200000, 0x0000000082200000|100%| O|  |TAMS 0x0000000082200000, 0x0000000082100000| Untracked 
|   4|0x0000000082200000, 0x0000000082300000, 0x0000000082300000|100%| O|  |TAMS 0x0000000082300000, 0x0000000082200000| Untracked 
|   5|0x0000000082300000, 0x0000000082400000, 0x0000000082400000|100%| O|  |TAMS 0x0000000082400000, 0x0000000082300000| Untracked 
|   6|0x0000000082400000, 0x0000000082500000, 0x0000000082500000|100%| O|  |TAMS 0x0000000082500000, 0x0000000082400000| Untracked 
|   7|0x0000000082500000, 0x0000000082600000, 0x0000000082600000|100%| O|  |TAMS 0x0000000082600000, 0x0000000082500000| Untracked 
|   8|0x0000000082600000, 0x0000000082700000, 0x0000000082700000|100%| O|  |TAMS 0x0000000082700000, 0x0000000082600000| Untracked 
|   9|0x0000000082700000, 0x0000000082800000, 0x0000000082800000|100%| O|  |TAMS 0x0000000082800000, 0x0000000082700000| Untracked 
|  10|0x0000000082800000, 0x0000000082900000, 0x0000000082900000|100%| O|  |TAMS 0x0000000082900000, 0x0000000082800000| Untracked 
|  11|0x0000000082900000, 0x0000000082a00000, 0x0000000082a00000|100%| O|  |TAMS 0x0000000082a00000, 0x0000000082900000| Untracked 
|  12|0x0000000082a00000, 0x0000000082b00000, 0x0000000082b00000|100%| O|  |TAMS 0x0000000082b00000, 0x0000000082a00000| Untracked 
|  13|0x0000000082b00000, 0x0000000082c00000, 0x0000000082c00000|100%| O|  |TAMS 0x0000000082c00000, 0x0000000082b00000| Untracked 
|  14|0x0000000082c00000, 0x0000000082d00000, 0x0000000082d00000|100%| O|  |TAMS 0x0000000082d00000, 0x0000000082c00000| Untracked 
|  15|0x0000000082d00000, 0x0000000082e00000, 0x0000000082e00000|100%| O|  |TAMS 0x0000000082e00000, 0x0000000082d00000| Untracked 
|  16|0x0000000082e00000, 0x0000000082f00000, 0x0000000082f00000|100%| O|  |TAMS 0x0000000082f00000, 0x0000000082e00000| Untracked 
|  17|0x0000000082f00000, 0x0000000083000000, 0x0000000083000000|100%| O|  |TAMS 0x0000000082f79200, 0x0000000082f00000| Untracked 
|  18|0x0000000083000000, 0x0000000083100000, 0x0000000083100000|100%| O|  |TAMS 0x0000000083000000, 0x0000000083000000| Untracked 
|  19|0x0000000083100000, 0x0000000083200000, 0x0000000083200000|100%| O|  |TAMS 0x0000000083100000, 0x0000000083100000| Untracked 
|  20|0x0000000083200000, 0x0000000083300000, 0x0000000083300000|100%| O|  |TAMS 0x0000000083200000, 0x0000000083200000| Untracked 
|  21|0x0000000083300000, 0x000000008339fa00, 0x0000000083400000| 62%| O|  |TAMS 0x0000000083300000, 0x0000000083300000| Untracked 
|  22|0x0000000083400000, 0x0000000083400000, 0x0000000083500000|  0%| F|  |TAMS 0x0000000083400000, 0x0000000083400000| Untracked 
|  23|0x0000000083500000, 0x0000000083500000, 0x0000000083600000|  0%| F|  |TAMS 0x0000000083500000, 0x0000000083500000| Untracked 
|  24|0x0000000083600000, 0x0000000083600000, 0x0000000083700000|  0%| F|  |TAMS 0x0000000083600000, 0x0000000083600000| Untracked 
|  25|0x0000000083700000, 0x0000000083700000, 0x0000000083800000|  0%| F|  |TAMS 0x0000000083700000, 0x0000000083700000| Untracked 
|  26|0x0000000083800000, 0x0000000083800000, 0x0000000083900000|  0%| F|  |TAMS 0x0000000083800000, 0x0000000083800000| Untracked 
|  27|0x0000000083900000, 0x0000000083900000, 0x0000000083a00000|  0%| F|  |TAMS 0x0000000083900000, 0x0000000083900000| Untracked 
|  28|0x0000000083a00000, 0x0000000083a00000, 0x0000000083b00000|  0%| F|  |TAMS 0x0000000083a00000, 0x0000000083a00000| Untracked 
|  29|0x0000000083b00000, 0x0000000083b00000, 0x0000000083c00000|  0%| F|  |TAMS 0x0000000083b00000, 0x0000000083b00000| Untracked 
|  30|0x0000000083c00000, 0x0000000083c00000, 0x0000000083d00000|  0%| F|  |TAMS 0x0000000083c00000, 0x0000000083c00000| Untracked 
|  31|0x0000000083d00000, 0x0000000083d00000, 0x0000000083e00000|  0%| F|  |TAMS 0x0000000083d00000, 0x0000000083d00000| Untracked 
|  32|0x0000000083e00000, 0x0000000083e00000, 0x0000000083f00000|  0%| F|  |TAMS 0x0000000083e00000, 0x0000000083e00000| Untracked 
|  33|0x0000000083f00000, 0x0000000083f00000, 0x0000000084000000|  0%| F|  |TAMS 0x0000000083f00000, 0x0000000083f00000| Untracked 
|  34|0x0000000084000000, 0x0000000084000000, 0x0000000084100000|  0%| F|  |TAMS 0x0000000084000000, 0x0000000084000000| Untracked 
|  35|0x0000000084100000, 0x0000000084100000, 0x0000000084200000|  0%| F|  |TAMS 0x0000000084100000, 0x0000000084100000| Untracked 
|  36|0x0000000084200000, 0x0000000084200000, 0x0000000084300000|  0%| F|  |TAMS 0x0000000084200000, 0x0000000084200000| Untracked 
|  37|0x0000000084300000, 0x0000000084300000, 0x0000000084400000|  0%| F|  |TAMS 0x0000000084300000, 0x0000000084300000| Untracked 
|  38|0x0000000084400000, 0x0000000084400000, 0x0000000084500000|  0%| F|  |TAMS 0x0000000084400000, 0x0000000084400000| Untracked 
|  39|0x0000000084500000, 0x0000000084500000, 0x0000000084600000|  0%| F|  |TAMS 0x0000000084500000, 0x0000000084500000| Untracked 
|  40|0x0000000084600000, 0x0000000084600000, 0x0000000084700000|  0%| F|  |TAMS 0x0000000084600000, 0x0000000084600000| Untracked 
|  41|0x0000000084700000, 0x0000000084700000, 0x0000000084800000|  0%| F|  |TAMS 0x0000000084700000, 0x0000000084700000| Untracked 
|  42|0x0000000084800000, 0x0000000084800000, 0x0000000084900000|  0%| F|  |TAMS 0x0000000084800000, 0x0000000084800000| Untracked 
|  43|0x0000000084900000, 0x0000000084900000, 0x0000000084a00000|  0%| F|  |TAMS 0x0000000084900000, 0x0000000084900000| Untracked 
|  44|0x0000000084a00000, 0x0000000084a00000, 0x0000000084b00000|  0%| F|  |TAMS 0x0000000084a00000, 0x0000000084a00000| Untracked 
|  45|0x0000000084b00000, 0x0000000084b00000, 0x0000000084c00000|  0%| F|  |TAMS 0x0000000084b00000, 0x0000000084b00000| Untracked 
|  46|0x0000000084c00000, 0x0000000084c00000, 0x0000000084d00000|  0%| F|  |TAMS 0x0000000084c00000, 0x0000000084c00000| Untracked 
|  47|0x0000000084d00000, 0x0000000084d00000, 0x0000000084e00000|  0%| F|  |TAMS 0x0000000084d00000, 0x0000000084d00000| Untracked 
|  48|0x0000000084e00000, 0x0000000084e00000, 0x0000000084f00000|  0%| F|  |TAMS 0x0000000084e00000, 0x0000000084e00000| Untracked 
|  49|0x0000000084f00000, 0x0000000084f00000, 0x0000000085000000|  0%| F|  |TAMS 0x0000000084f00000, 0x0000000084f00000| Untracked 
|  50|0x0000000085000000, 0x0000000085000000, 0x0000000085100000|  0%| F|  |TAMS 0x0000000085000000, 0x0000000085000000| Untracked 
|  51|0x0000000085100000, 0x0000000085100000, 0x0000000085200000|  0%| F|  |TAMS 0x0000000085100000, 0x0000000085100000| Untracked 
|  52|0x0000000085200000, 0x0000000085200000, 0x0000000085300000|  0%| F|  |TAMS 0x0000000085200000, 0x0000000085200000| Untracked 
|  53|0x0000000085300000, 0x0000000085300000, 0x0000000085400000|  0%| F|  |TAMS 0x0000000085300000, 0x0000000085300000| Untracked 
|  54|0x0000000085400000, 0x0000000085443f60, 0x0000000085500000| 26%| S|CS|TAMS 0x0000000085400000, 0x0000000085400000| Complete 
|  55|0x0000000085500000, 0x0000000085600000, 0x0000000085600000|100%| S|CS|TAMS 0x0000000085500000, 0x0000000085500000| Complete 
|  56|0x0000000085600000, 0x0000000085700000, 0x0000000085700000|100%| S|CS|TAMS 0x0000000085600000, 0x0000000085600000| Complete 
|  57|0x0000000085700000, 0x0000000085800000, 0x0000000085800000|100%| S|CS|TAMS 0x0000000085700000, 0x0000000085700000| Complete 
|  58|0x0000000085800000, 0x0000000085900000, 0x0000000085900000|100%| S|CS|TAMS 0x0000000085800000, 0x0000000085800000| Complete 
|  59|0x0000000085900000, 0x0000000085a00000, 0x0000000085a00000|100%| S|CS|TAMS 0x0000000085900000, 0x0000000085900000| Complete 
|  60|0x0000000085a00000, 0x0000000085b00000, 0x0000000085b00000|100%| S|CS|TAMS 0x0000000085a00000, 0x0000000085a00000| Complete 
|  61|0x0000000085b00000, 0x0000000085c00000, 0x0000000085c00000|100%| S|CS|TAMS 0x0000000085b00000, 0x0000000085b00000| Complete 
|  62|0x0000000085c00000, 0x0000000085c00000, 0x0000000085d00000|  0%| F|  |TAMS 0x0000000085c00000, 0x0000000085c00000| Untracked 
|  63|0x0000000085d00000, 0x0000000085d00000, 0x0000000085e00000|  0%| F|  |TAMS 0x0000000085d00000, 0x0000000085d00000| Untracked 
|  64|0x0000000085e00000, 0x0000000085e00000, 0x0000000085f00000|  0%| F|  |TAMS 0x0000000085e00000, 0x0000000085e00000| Untracked 
|  65|0x0000000085f00000, 0x0000000085f00000, 0x0000000086000000|  0%| F|  |TAMS 0x0000000085f00000, 0x0000000085f00000| Untracked 
|  66|0x0000000086000000, 0x0000000086000000, 0x0000000086100000|  0%| F|  |TAMS 0x0000000086000000, 0x0000000086000000| Untracked 
|  67|0x0000000086100000, 0x0000000086100000, 0x0000000086200000|  0%| F|  |TAMS 0x0000000086100000, 0x0000000086100000| Untracked 
|  68|0x0000000086200000, 0x0000000086200000, 0x0000000086300000|  0%| F|  |TAMS 0x0000000086200000, 0x0000000086200000| Untracked 
|  69|0x0000000086300000, 0x0000000086300000, 0x0000000086400000|  0%| F|  |TAMS 0x0000000086300000, 0x0000000086300000| Untracked 
|  70|0x0000000086400000, 0x0000000086400000, 0x0000000086500000|  0%| F|  |TAMS 0x0000000086400000, 0x0000000086400000| Untracked 
|  71|0x0000000086500000, 0x0000000086500000, 0x0000000086600000|  0%| F|  |TAMS 0x0000000086500000, 0x0000000086500000| Untracked 
|  72|0x0000000086600000, 0x0000000086600000, 0x0000000086700000|  0%| F|  |TAMS 0x0000000086600000, 0x0000000086600000| Untracked 
|  73|0x0000000086700000, 0x0000000086700000, 0x0000000086800000|  0%| F|  |TAMS 0x0000000086700000, 0x0000000086700000| Untracked 
|  74|0x0000000086800000, 0x0000000086800000, 0x0000000086900000|  0%| F|  |TAMS 0x0000000086800000, 0x0000000086800000| Untracked 
|  75|0x0000000086900000, 0x0000000086900000, 0x0000000086a00000|  0%| F|  |TAMS 0x0000000086900000, 0x0000000086900000| Untracked 
|  76|0x0000000086a00000, 0x0000000086a00000, 0x0000000086b00000|  0%| F|  |TAMS 0x0000000086a00000, 0x0000000086a00000| Untracked 
|  77|0x0000000086b00000, 0x0000000086b00000, 0x0000000086c00000|  0%| F|  |TAMS 0x0000000086b00000, 0x0000000086b00000| Untracked 
|  78|0x0000000086c00000, 0x0000000086c00000, 0x0000000086d00000|  0%| F|  |TAMS 0x0000000086c00000, 0x0000000086c00000| Untracked 
|  79|0x0000000086d00000, 0x0000000086d00000, 0x0000000086e00000|  0%| F|  |TAMS 0x0000000086d00000, 0x0000000086d00000| Untracked 
|  80|0x0000000086e00000, 0x0000000086e00000, 0x0000000086f00000|  0%| F|  |TAMS 0x0000000086e00000, 0x0000000086e00000| Untracked 
|  81|0x0000000086f00000, 0x0000000086f00000, 0x0000000087000000|  0%| F|  |TAMS 0x0000000086f00000, 0x0000000086f00000| Untracked 
|  82|0x0000000087000000, 0x0000000087000000, 0x0000000087100000|  0%| F|  |TAMS 0x0000000087000000, 0x0000000087000000| Untracked 
|  83|0x0000000087100000, 0x0000000087100000, 0x0000000087200000|  0%| F|  |TAMS 0x0000000087100000, 0x0000000087100000| Untracked 
|  84|0x0000000087200000, 0x0000000087200000, 0x0000000087300000|  0%| F|  |TAMS 0x0000000087200000, 0x0000000087200000| Untracked 
|  85|0x0000000087300000, 0x0000000087300000, 0x0000000087400000|  0%| F|  |TAMS 0x0000000087300000, 0x0000000087300000| Untracked 
|  86|0x0000000087400000, 0x0000000087400000, 0x0000000087500000|  0%| F|  |TAMS 0x0000000087400000, 0x0000000087400000| Untracked 
|  87|0x0000000087500000, 0x0000000087500000, 0x0000000087600000|  0%| F|  |TAMS 0x0000000087500000, 0x0000000087500000| Untracked 
|  88|0x0000000087600000, 0x0000000087600000, 0x0000000087700000|  0%| F|  |TAMS 0x0000000087600000, 0x0000000087600000| Untracked 
|  89|0x0000000087700000, 0x0000000087700000, 0x0000000087800000|  0%| F|  |TAMS 0x0000000087700000, 0x0000000087700000| Untracked 
|  90|0x0000000087800000, 0x0000000087800000, 0x0000000087900000|  0%| F|  |TAMS 0x0000000087800000, 0x0000000087800000| Untracked 
|  91|0x0000000087900000, 0x0000000087900000, 0x0000000087a00000|  0%| F|  |TAMS 0x0000000087900000, 0x0000000087900000| Untracked 
|  92|0x0000000087a00000, 0x0000000087a00000, 0x0000000087b00000|  0%| F|  |TAMS 0x0000000087a00000, 0x0000000087a00000| Untracked 
|  93|0x0000000087b00000, 0x0000000087b00000, 0x0000000087c00000|  0%| F|  |TAMS 0x0000000087b00000, 0x0000000087b00000| Untracked 
|  94|0x0000000087c00000, 0x0000000087c00000, 0x0000000087d00000|  0%| F|  |TAMS 0x0000000087c00000, 0x0000000087c00000| Untracked 
|  95|0x0000000087d00000, 0x0000000087d00000, 0x0000000087e00000|  0%| F|  |TAMS 0x0000000087d00000, 0x0000000087d00000| Untracked 
|  96|0x0000000087e00000, 0x0000000087e00000, 0x0000000087f00000|  0%| F|  |TAMS 0x0000000087e00000, 0x0000000087e00000| Untracked 
|  97|0x0000000087f00000, 0x0000000087f00000, 0x0000000088000000|  0%| F|  |TAMS 0x0000000087f00000, 0x0000000087f00000| Untracked 
|  98|0x0000000088000000, 0x0000000088000000, 0x0000000088100000|  0%| F|  |TAMS 0x0000000088000000, 0x0000000088000000| Untracked 
|  99|0x0000000088100000, 0x0000000088180800, 0x0000000088200000| 50%| E|  |TAMS 0x0000000088100000, 0x0000000088100000| Complete 
| 100|0x0000000088200000, 0x0000000088300000, 0x0000000088300000|100%| E|CS|TAMS 0x0000000088200000, 0x0000000088200000| Complete 
| 101|0x0000000088300000, 0x0000000088400000, 0x0000000088400000|100%| E|CS|TAMS 0x0000000088300000, 0x0000000088300000| Complete 
| 102|0x0000000088400000, 0x0000000088500000, 0x0000000088500000|100%| E|CS|TAMS 0x0000000088400000, 0x0000000088400000| Complete 
| 103|0x0000000088500000, 0x0000000088600000, 0x0000000088600000|100%| E|CS|TAMS 0x0000000088500000, 0x0000000088500000| Complete 
| 104|0x0000000088600000, 0x0000000088700000, 0x0000000088700000|100%| E|CS|TAMS 0x0000000088600000, 0x0000000088600000| Complete 
| 105|0x0000000088700000, 0x0000000088800000, 0x0000000088800000|100%| E|CS|TAMS 0x0000000088700000, 0x0000000088700000| Complete 
| 106|0x0000000088800000, 0x0000000088900000, 0x0000000088900000|100%| E|CS|TAMS 0x0000000088800000, 0x0000000088800000| Complete 
| 107|0x0000000088900000, 0x0000000088a00000, 0x0000000088a00000|100%| E|CS|TAMS 0x0000000088900000, 0x0000000088900000| Complete 
| 108|0x0000000088a00000, 0x0000000088b00000, 0x0000000088b00000|100%| E|CS|TAMS 0x0000000088a00000, 0x0000000088a00000| Complete 
| 109|0x0000000088b00000, 0x0000000088c00000, 0x0000000088c00000|100%| E|CS|TAMS 0x0000000088b00000, 0x0000000088b00000| Complete 
| 110|0x0000000088c00000, 0x0000000088d00000, 0x0000000088d00000|100%| E|CS|TAMS 0x0000000088c00000, 0x0000000088c00000| Complete 
| 111|0x0000000088d00000, 0x0000000088e00000, 0x0000000088e00000|100%| E|CS|TAMS 0x0000000088d00000, 0x0000000088d00000| Complete 
| 112|0x0000000088e00000, 0x0000000088f00000, 0x0000000088f00000|100%| E|CS|TAMS 0x0000000088e00000, 0x0000000088e00000| Complete 
| 113|0x0000000088f00000, 0x0000000089000000, 0x0000000089000000|100%| E|CS|TAMS 0x0000000088f00000, 0x0000000088f00000| Complete 
| 114|0x0000000089000000, 0x0000000089100000, 0x0000000089100000|100%| E|CS|TAMS 0x0000000089000000, 0x0000000089000000| Complete 
| 115|0x0000000089100000, 0x0000000089200000, 0x0000000089200000|100%| E|CS|TAMS 0x0000000089100000, 0x0000000089100000| Complete 
| 116|0x0000000089200000, 0x0000000089300000, 0x0000000089300000|100%| E|CS|TAMS 0x0000000089200000, 0x0000000089200000| Complete 
| 117|0x0000000089300000, 0x0000000089400000, 0x0000000089400000|100%| E|CS|TAMS 0x0000000089300000, 0x0000000089300000| Complete 
| 118|0x0000000089400000, 0x0000000089500000, 0x0000000089500000|100%| E|CS|TAMS 0x0000000089400000, 0x0000000089400000| Complete 
| 119|0x0000000089500000, 0x0000000089600000, 0x0000000089600000|100%| E|CS|TAMS 0x0000000089500000, 0x0000000089500000| Complete 
| 120|0x0000000089600000, 0x0000000089700000, 0x0000000089700000|100%| E|CS|TAMS 0x0000000089600000, 0x0000000089600000| Complete 
| 121|0x0000000089700000, 0x0000000089800000, 0x0000000089800000|100%| E|CS|TAMS 0x0000000089700000, 0x0000000089700000| Complete 
| 122|0x0000000089800000, 0x0000000089900000, 0x0000000089900000|100%| E|CS|TAMS 0x0000000089800000, 0x0000000089800000| Complete 
| 123|0x0000000089900000, 0x0000000089a00000, 0x0000000089a00000|100%| E|CS|TAMS 0x0000000089900000, 0x0000000089900000| Complete 
| 124|0x0000000089a00000, 0x0000000089b00000, 0x0000000089b00000|100%| E|CS|TAMS 0x0000000089a00000, 0x0000000089a00000| Complete 
| 125|0x0000000089b00000, 0x0000000089c00000, 0x0000000089c00000|100%| E|CS|TAMS 0x0000000089b00000, 0x0000000089b00000| Complete 
| 126|0x0000000089c00000, 0x0000000089d00000, 0x0000000089d00000|100%| E|CS|TAMS 0x0000000089c00000, 0x0000000089c00000| Complete 
| 127|0x0000000089d00000, 0x0000000089e00000, 0x0000000089e00000|100%| E|CS|TAMS 0x0000000089d00000, 0x0000000089d00000| Complete 
| 128|0x0000000089e00000, 0x0000000089f00000, 0x0000000089f00000|100%| E|CS|TAMS 0x0000000089e00000, 0x0000000089e00000| Complete 
| 129|0x0000000089f00000, 0x000000008a000000, 0x000000008a000000|100%| E|CS|TAMS 0x0000000089f00000, 0x0000000089f00000| Complete 
| 130|0x000000008a000000, 0x000000008a100000, 0x000000008a100000|100%| E|CS|TAMS 0x000000008a000000, 0x000000008a000000| Complete 
| 131|0x000000008a100000, 0x000000008a200000, 0x000000008a200000|100%| E|CS|TAMS 0x000000008a100000, 0x000000008a100000| Complete 
| 132|0x000000008a200000, 0x000000008a300000, 0x000000008a300000|100%| E|CS|TAMS 0x000000008a200000, 0x000000008a200000| Complete 
| 133|0x000000008a300000, 0x000000008a400000, 0x000000008a400000|100%| E|CS|TAMS 0x000000008a300000, 0x000000008a300000| Complete 
| 134|0x000000008a400000, 0x000000008a500000, 0x000000008a500000|100%| E|CS|TAMS 0x000000008a400000, 0x000000008a400000| Complete 
| 135|0x000000008a500000, 0x000000008a600000, 0x000000008a600000|100%| E|CS|TAMS 0x000000008a500000, 0x000000008a500000| Complete 
| 136|0x000000008a600000, 0x000000008a700000, 0x000000008a700000|100%| E|CS|TAMS 0x000000008a600000, 0x000000008a600000| Complete 
| 137|0x000000008a700000, 0x000000008a800000, 0x000000008a800000|100%| E|CS|TAMS 0x000000008a700000, 0x000000008a700000| Complete 
| 138|0x000000008a800000, 0x000000008a900000, 0x000000008a900000|100%| E|CS|TAMS 0x000000008a800000, 0x000000008a800000| Complete 
| 139|0x000000008a900000, 0x000000008aa00000, 0x000000008aa00000|100%| E|CS|TAMS 0x000000008a900000, 0x000000008a900000| Complete 
| 140|0x000000008aa00000, 0x000000008ab00000, 0x000000008ab00000|100%| E|CS|TAMS 0x000000008aa00000, 0x000000008aa00000| Complete 
| 141|0x000000008ab00000, 0x000000008ac00000, 0x000000008ac00000|100%| E|CS|TAMS 0x000000008ab00000, 0x000000008ab00000| Complete 
| 142|0x000000008ac00000, 0x000000008ad00000, 0x000000008ad00000|100%| E|CS|TAMS 0x000000008ac00000, 0x000000008ac00000| Complete 
| 143|0x000000008ad00000, 0x000000008ae00000, 0x000000008ae00000|100%| E|CS|TAMS 0x000000008ad00000, 0x000000008ad00000| Complete 
| 144|0x000000008ae00000, 0x000000008af00000, 0x000000008af00000|100%| E|CS|TAMS 0x000000008ae00000, 0x000000008ae00000| Complete 
| 145|0x000000008af00000, 0x000000008b000000, 0x000000008b000000|100%| E|CS|TAMS 0x000000008af00000, 0x000000008af00000| Complete 
| 146|0x000000008b000000, 0x000000008b100000, 0x000000008b100000|100%| E|CS|TAMS 0x000000008b000000, 0x000000008b000000| Complete 
| 147|0x000000008b100000, 0x000000008b200000, 0x000000008b200000|100%| E|CS|TAMS 0x000000008b100000, 0x000000008b100000| Complete 
| 148|0x000000008b200000, 0x000000008b300000, 0x000000008b300000|100%| E|CS|TAMS 0x000000008b200000, 0x000000008b200000| Complete 
| 149|0x000000008b300000, 0x000000008b400000, 0x000000008b400000|100%| E|CS|TAMS 0x000000008b300000, 0x000000008b300000| Complete 
| 150|0x000000008b400000, 0x000000008b500000, 0x000000008b500000|100%| E|CS|TAMS 0x000000008b400000, 0x000000008b400000| Complete 
| 151|0x000000008b500000, 0x000000008b600000, 0x000000008b600000|100%| E|CS|TAMS 0x000000008b500000, 0x000000008b500000| Complete 
| 152|0x000000008b600000, 0x000000008b700000, 0x000000008b700000|100%| E|CS|TAMS 0x000000008b600000, 0x000000008b600000| Complete 
| 153|0x000000008b700000, 0x000000008b800000, 0x000000008b800000|100%| E|CS|TAMS 0x000000008b700000, 0x000000008b700000| Complete 

Card table byte_map: [0x000002be2ef30000,0x000002be2f330000] _byte_map_base: 0x000002be2eb21000

Marking Bits (Prev, Next): (CMBitMap*) 0x000002be184cb9a0, (CMBitMap*) 0x000002be184cb968
 Prev Bits: [0x000002be316c0000, 0x000002be33648000)
 Next Bits: [0x000002be2f730000, 0x000002be316b8000)

Polling page: 0x000002be16310000

Metaspace:

Usage:
  Non-class:     58.58 MB capacity,    57.64 MB ( 98%) used,   744.57 KB (  1%) free+waste,   211.44 KB ( <1%) overhead. 
      Class:      8.96 MB capacity,     8.29 MB ( 93%) used,   579.46 KB (  6%) free+waste,   101.00 KB (  1%) overhead. 
       Both:     67.53 MB capacity,    65.94 MB ( 98%) used,     1.29 MB (  2%) free+waste,   312.44 KB ( <1%) overhead. 

Virtual space:
  Non-class space:       60.00 MB reserved,      58.70 MB ( 98%) committed 
      Class space:        1.00 GB reserved,       9.00 MB ( <1%) committed 
             Both:        1.06 GB reserved,      67.70 MB (  6%) committed 

Chunk freelists:
   Non-Class:  0 bytes
       Class:  1.38 KB
        Both:  1.38 KB

CodeHeap 'non-profiled nmethods': size=120064Kb used=4086Kb max_used=4086Kb free=115977Kb
 bounds [0x000002be275f0000, 0x000002be279f0000, 0x000002be2eb30000]
CodeHeap 'profiled nmethods': size=120000Kb used=13524Kb max_used=13524Kb free=106475Kb
 bounds [0x000002be200c0000, 0x000002be20e00000, 0x000002be275f0000]
CodeHeap 'non-nmethods': size=5696Kb used=1215Kb max_used=1280Kb free=4480Kb
 bounds [0x000002be1fb30000, 0x000002be1fda0000, 0x000002be200c0000]
 total_blobs=6885 nmethods=6308 adapters=487
 compilation: enabled
              stopped_count=0, restarted_count=0
 full_count=0

Compilation events (10 events):
Event: 13.295 Thread 0x000002be3642b800 6451       2       org.springframework.cglib.core.ReflectUtils$7::getExceptionTypes (8 bytes)
Event: 13.295 Thread 0x000002be3642b800 nmethod 6451 0x000002be20dd2390 code [0x000002be20dd2520, 0x000002be20dd2628]
Event: 13.295 Thread 0x000002be3642b800 6452       2       org.springframework.cglib.core.ReflectUtils::getExceptionTypes (46 bytes)
Event: 13.295 Thread 0x000002be3642b800 nmethod 6452 0x000002be20dd2710 code [0x000002be20dd2900, 0x000002be20dd2c68]
Event: 13.295 Thread 0x000002be3642b800 6450       2       org.springframework.aop.aspectj.autoproxy.AspectJPrecedenceComparator$$Lambda$1020/0x0000000100895c40::get$Lambda (9 bytes)
Event: 13.295 Thread 0x000002be3642b800 nmethod 6450 0x000002be20dd2e90 code [0x000002be20dd3020, 0x000002be20dd3198]
Event: 13.295 Thread 0x000002be3642b800 6453       2       org.springframework.asm.ByteVector::enlarge (73 bytes)
Event: 13.296 Thread 0x000002be3642b800 nmethod 6453 0x000002be20dd3290 code [0x000002be20dd3460, 0x000002be20dd37d8]
Event: 13.298 Thread 0x000002be3642b800 6455       2       org.springframework.cglib.core.ClassEmitter$1::getSuperType (18 bytes)
Event: 13.299 Thread 0x000002be3642b800 nmethod 6455 0x000002be20dd3990 code [0x000002be20dd3b20, 0x000002be20dd3c38]

GC Heap History (10 events):
Event: 7.539 GC heap before
{Heap before GC invocations=8 (full 0):
 garbage-first heap   total 157696K, used 91960K [0x0000000081e00000, 0x0000000100000000)
  region size 1024K, 78 young (79872K), 6 survivors (6144K)
 Metaspace       used 50927K, capacity 52138K, committed 52352K, reserved 1095680K
  class space    used 6216K, capacity 6748K, committed 6784K, reserved 1048576K
}
Event: 7.551 GC heap after
{Heap after GC invocations=9 (full 0):
 garbage-first heap   total 157696K, used 22688K [0x0000000081e00000, 0x0000000100000000)
  region size 1024K, 8 young (8192K), 8 survivors (8192K)
 Metaspace       used 50927K, capacity 52138K, committed 52352K, reserved 1095680K
  class space    used 6216K, capacity 6748K, committed 6784K, reserved 1048576K
}
Event: 9.219 GC heap before
{Heap before GC invocations=9 (full 0):
 garbage-first heap   total 157696K, used 68768K [0x0000000081e00000, 0x0000000100000000)
  region size 1024K, 54 young (55296K), 8 survivors (8192K)
 Metaspace       used 58693K, capacity 59966K, committed 60160K, reserved 1101824K
  class space    used 7405K, capacity 7922K, committed 7936K, reserved 1048576K
}
Event: 9.230 GC heap after
{Heap after GC invocations=10 (full 0):
 garbage-first heap   total 157696K, used 24034K [0x0000000081e00000, 0x0000000100000000)
  region size 1024K, 6 young (6144K), 6 survivors (6144K)
 Metaspace       used 58693K, capacity 59966K, committed 60160K, reserved 1101824K
  class space    used 7405K, capacity 7922K, committed 7936K, reserved 1048576K
}
Event: 10.110 GC heap before
{Heap before GC invocations=11 (full 0):
 garbage-first heap   total 157696K, used 103906K [0x0000000081e00000, 0x0000000100000000)
  region size 1024K, 84 young (86016K), 6 survivors (6144K)
 Metaspace       used 61431K, capacity 62750K, committed 62924K, reserved 1103872K
  class space    used 7779K, capacity 8335K, committed 8448K, reserved 1048576K
}
Event: 10.122 GC heap after
{Heap after GC invocations=12 (full 0):
 garbage-first heap   total 157696K, used 27262K [0x0000000081e00000, 0x0000000100000000)
  region size 1024K, 5 young (5120K), 5 survivors (5120K)
 Metaspace       used 61431K, capacity 62750K, committed 62924K, reserved 1103872K
  class space    used 7779K, capacity 8335K, committed 8448K, reserved 1048576K
}
Event: 11.847 GC heap before
{Heap before GC invocations=12 (full 0):
 garbage-first heap   total 157696K, used 110206K [0x0000000081e00000, 0x0000000100000000)
  region size 1024K, 86 young (88064K), 5 survivors (5120K)
 Metaspace       used 64837K, capacity 66403K, committed 66508K, reserved 1107968K
  class space    used 8236K, capacity 8890K, committed 8960K, reserved 1048576K
}
Event: 11.856 GC heap after
{Heap after GC invocations=13 (full 0):
 garbage-first heap   total 157696K, used 28209K [0x0000000081e00000, 0x0000000100000000)
  region size 1024K, 6 young (6144K), 6 survivors (6144K)
 Metaspace       used 64837K, capacity 66403K, committed 66508K, reserved 1107968K
  class space    used 8236K, capacity 8890K, committed 8960K, reserved 1048576K
}
Event: 12.649 GC heap before
{Heap before GC invocations=13 (full 0):
 garbage-first heap   total 157696K, used 116273K [0x0000000081e00000, 0x0000000100000000)
  region size 1024K, 92 young (94208K), 6 survivors (6144K)
 Metaspace       used 66734K, capacity 68351K, committed 68428K, reserved 1107968K
  class space    used 8421K, capacity 9075K, committed 9088K, reserved 1048576K
}
Event: 12.658 GC heap after
{Heap after GC invocations=14 (full 0):
 garbage-first heap   total 157696K, used 29582K [0x0000000081e00000, 0x0000000100000000)
  region size 1024K, 8 young (8192K), 8 survivors (8192K)
 Metaspace       used 66734K, capacity 68351K, committed 68428K, reserved 1107968K
  class space    used 8421K, capacity 9075K, committed 9088K, reserved 1048576K
}

Deoptimization events (10 events):
Event: 12.451 Thread 0x000002be1848d000 Uncommon trap: reason=unstable_if action=reinterpret pc=0x000002be27749e78 method=java.util.StringTokenizer.skipDelimiters(I)I @ 21 c2
Event: 12.451 Thread 0x000002be1848d000 Uncommon trap: reason=unstable_if action=reinterpret pc=0x000002be277496dc method=java.util.StringTokenizer.scanToken(I)I @ 96 c2
Event: 12.455 Thread 0x000002be1848d000 Uncommon trap: reason=unstable_if action=reinterpret pc=0x000002be2787338c method=sun.net.www.ParseUtil.match(CJJ)Z @ 13 c2
Event: 12.455 Thread 0x000002be1848d000 Uncommon trap: reason=unstable_if action=reinterpret pc=0x000002be27641af4 method=sun.net.www.ParseUtil.firstEncodeIndex(Ljava/lang/String;)I @ 73 c2
Event: 12.509 Thread 0x000002be1848d000 Uncommon trap: reason=unstable_if action=reinterpret pc=0x000002be275f8f44 method=java.lang.CharacterData.of(I)Ljava/lang/CharacterData; @ 4 c2
Event: 12.599 Thread 0x000002be1848d000 Uncommon trap: reason=profile_predicate action=maybe_recompile pc=0x000002be279c76e8 method=java.util.ArrayList.batchRemove(Ljava/util/Collection;ZII)Z @ 18 c2
Event: 12.600 Thread 0x000002be1848d000 Uncommon trap: reason=profile_predicate action=maybe_recompile pc=0x000002be279c76e8 method=java.util.ArrayList.batchRemove(Ljava/util/Collection;ZII)Z @ 18 c2
Event: 12.600 Thread 0x000002be1848d000 Uncommon trap: reason=profile_predicate action=maybe_recompile pc=0x000002be279c76e8 method=java.util.ArrayList.batchRemove(Ljava/util/Collection;ZII)Z @ 18 c2
Event: 12.600 Thread 0x000002be1848d000 Uncommon trap: reason=profile_predicate action=maybe_recompile pc=0x000002be279c76e8 method=java.util.ArrayList.batchRemove(Ljava/util/Collection;ZII)Z @ 18 c2
Event: 12.660 Thread 0x000002be1848d000 Uncommon trap: reason=unstable_if action=reinterpret pc=0x000002be2799f3ec method=java.util.ArrayList.batchRemove(Ljava/util/Collection;ZII)Z @ 76 c2

Classes redefined (0 events):
No events

Internal exceptions (10 events):
Event: 12.245 Thread 0x000002be1848d000 Exception <a 'java/lang/reflect/InvocationTargetException'{0x0000000088989288}> (0x0000000088989288) thrown at [./open/src/hotspot/share/runtime/reflection.cpp, line 1242]
Event: 12.376 Thread 0x000002be1848d000 Exception <a 'java/lang/ClassNotFoundException'{0x0000000087b1a490}: java/lang/ObjectCustomizer> (0x0000000087b1a490) thrown at [./open/src/hotspot/share/classfile/systemDictionary.cpp, line 226]
Event: 12.377 Thread 0x000002be1848d000 Exception <a 'java/lang/ClassNotFoundException'{0x0000000087b2cbb0}: com/example/demo_project/entity/RegisterCustomizer> (0x0000000087b2cbb0) thrown at [./open/src/hotspot/share/classfile/systemDictionary.cpp, line 226]
Event: 12.427 Thread 0x000002be1848d000 Exception <a 'java/lang/reflect/InvocationTargetException'{0x0000000086cde540}> (0x0000000086cde540) thrown at [./open/src/hotspot/share/runtime/reflection.cpp, line 1242]
Event: 12.431 Thread 0x000002be1848d000 Exception <a 'java/lang/reflect/InvocationTargetException'{0x0000000086cf67e0}> (0x0000000086cf67e0) thrown at [./open/src/hotspot/share/runtime/reflection.cpp, line 1242]
Event: 12.812 Thread 0x000002be1848d000 Exception <a 'java/lang/ClassNotFoundException'{0x000000008aba0d08}: java/lang/ObjectCustomizer> (0x000000008aba0d08) thrown at [./open/src/hotspot/share/classfile/systemDictionary.cpp, line 226]
Event: 12.813 Thread 0x000002be1848d000 Exception <a 'java/lang/ClassNotFoundException'{0x000000008abb2c88}: com/example/demo_project/entity/ToDoCustomizer> (0x000000008abb2c88) thrown at [./open/src/hotspot/share/classfile/systemDictionary.cpp, line 226]
Event: 12.846 Thread 0x000002be1848d000 Exception <a 'java/lang/reflect/InvocationTargetException'{0x000000008a61d200}> (0x000000008a61d200) thrown at [./open/src/hotspot/share/runtime/reflection.cpp, line 1242]
Event: 13.190 Thread 0x000002be1848d000 Exception <a 'java/lang/ClassNotFoundException'{0x00000000899df168}: java/lang/ObjectCustomizer> (0x00000000899df168) thrown at [./open/src/hotspot/share/classfile/systemDictionary.cpp, line 226]
Event: 13.190 Thread 0x000002be1848d000 Exception <a 'java/lang/ClassNotFoundException'{0x00000000899f1288}: com/example/demo_project/entity/WidgetCustomizer> (0x00000000899f1288) thrown at [./open/src/hotspot/share/classfile/systemDictionary.cpp, line 226]

Events (10 events):
Event: 13.190 loading class java/lang/ObjectCustomizer
Event: 13.190 loading class java/lang/ObjectCustomizer done
Event: 13.190 loading class com/example/demo_project/entity/WidgetCustomizer
Event: 13.190 loading class com/example/demo_project/entity/WidgetCustomizer done
Event: 13.190 loading class com/example/demo_project/entity/WidgetCustomizer
Event: 13.190 loading class com/example/demo_project/entity/WidgetCustomizer done
Event: 13.190 loading class com/example/demo_project/entity/WidgetCustomizer
Event: 13.190 loading class com/example/demo_project/entity/WidgetCustomizer done
Event: 13.203 Executing VM operation: ICBufferFull
Event: 13.203 Executing VM operation: ICBufferFull done


Dynamic libraries:
0x00007ff7f7b50000 - 0x00007ff7f7b5f000 	D:\jdk-11.0.16\bin\javaw.exe
0x00007ffe5be10000 - 0x00007ffe5c008000 	C:\Windows\SYSTEM32\ntdll.dll
0x00007ffe5bd00000 - 0x00007ffe5bdbf000 	C:\Windows\System32\KERNEL32.DLL
0x00007ffe59830000 - 0x00007ffe59b26000 	C:\Windows\System32\KERNELBASE.dll
0x00007ffe59520000 - 0x00007ffe59620000 	C:\Windows\System32\ucrtbase.dll
0x00007ffe24800000 - 0x00007ffe24818000 	D:\jdk-11.0.16\bin\jli.dll
0x00007ffe59e70000 - 0x00007ffe59f1f000 	C:\Windows\System32\ADVAPI32.dll
0x00007ffe5aea0000 - 0x00007ffe5af3e000 	C:\Windows\System32\msvcrt.dll
0x00007ffe5aff0000 - 0x00007ffe5b08c000 	C:\Windows\System32\sechost.dll
0x00007ffe59f20000 - 0x00007ffe5a046000 	C:\Windows\System32\RPCRT4.dll
0x00007ffe5b960000 - 0x00007ffe5bafd000 	C:\Windows\System32\USER32.dll
0x00007ffe59cb0000 - 0x00007ffe59cd2000 	C:\Windows\System32\win32u.dll
0x00007ffe5b4c0000 - 0x00007ffe5b4ec000 	C:\Windows\System32\GDI32.dll
0x00007ffe59d50000 - 0x00007ffe59e65000 	C:\Windows\System32\gdi32full.dll
0x00007ffe59bc0000 - 0x00007ffe59c5d000 	C:\Windows\System32\msvcp_win.dll
0x00007ffe247e0000 - 0x00007ffe247f5000 	D:\jdk-11.0.16\bin\VCRUNTIME140.dll
0x00007ffe48600000 - 0x00007ffe4889a000 	C:\Windows\WinSxS\amd64_microsoft.windows.common-controls_6595b64144ccf1df_6.0.19041.1110_none_60b5254171f9507e\COMCTL32.dll
0x00007ffe51390000 - 0x00007ffe5139a000 	C:\Windows\SYSTEM32\VERSION.dll
0x00007ffe5bc60000 - 0x00007ffe5bc90000 	C:\Windows\System32\IMM32.DLL
0x00007ffe24740000 - 0x00007ffe247db000 	D:\jdk-11.0.16\bin\msvcp140.dll
0x00007ffde3300000 - 0x00007ffde3e18000 	D:\jdk-11.0.16\bin\server\jvm.dll
0x00007ffe5bc50000 - 0x00007ffe5bc58000 	C:\Windows\System32\PSAPI.DLL
0x00007ffe42f90000 - 0x00007ffe42f99000 	C:\Windows\SYSTEM32\WSOCK32.dll
0x00007ffe5bbe0000 - 0x00007ffe5bc4b000 	C:\Windows\System32\WS2_32.dll
0x00007ffe43bc0000 - 0x00007ffe43be7000 	C:\Windows\SYSTEM32\WINMM.dll
0x00007ffe573a0000 - 0x00007ffe573b2000 	C:\Windows\SYSTEM32\kernel.appcore.dll
0x00007ffe46c60000 - 0x00007ffe46c70000 	D:\jdk-11.0.16\bin\verify.dll
0x00007ffe431f0000 - 0x00007ffe433d4000 	C:\Windows\SYSTEM32\DBGHELP.DLL
0x00007ffe431b0000 - 0x00007ffe431e4000 	C:\Windows\SYSTEM32\dbgcore.DLL
0x00007ffe59b30000 - 0x00007ffe59bb2000 	C:\Windows\System32\bcryptPrimitives.dll
0x00007ffe24710000 - 0x00007ffe24738000 	D:\jdk-11.0.16\bin\java.dll
0x00007ffe461b0000 - 0x00007ffe461ba000 	D:\jdk-11.0.16\bin\jimage.dll
0x00007ffe246f0000 - 0x00007ffe24706000 	D:\jdk-11.0.16\bin\zip.dll
0x00007ffe5a310000 - 0x00007ffe5aa54000 	C:\Windows\System32\SHELL32.dll
0x00007ffe575a0000 - 0x00007ffe57d33000 	C:\Windows\SYSTEM32\windows.storage.dll
0x00007ffe5aa60000 - 0x00007ffe5adb4000 	C:\Windows\System32\combase.dll
0x00007ffe58f40000 - 0x00007ffe58f6e000 	C:\Windows\SYSTEM32\Wldp.dll
0x00007ffe5af40000 - 0x00007ffe5afed000 	C:\Windows\System32\SHCORE.dll
0x00007ffe5b370000 - 0x00007ffe5b3c5000 	C:\Windows\System32\shlwapi.dll
0x00007ffe59430000 - 0x00007ffe5944f000 	C:\Windows\SYSTEM32\profapi.dll
0x00007ffe246d0000 - 0x00007ffe246e9000 	D:\jdk-11.0.16\bin\net.dll
0x00007ffe4b040000 - 0x00007ffe4b14a000 	C:\Windows\SYSTEM32\WINHTTP.dll
0x00007ffe58ca0000 - 0x00007ffe58d0a000 	C:\Windows\system32\mswsock.dll
0x00007ffe246b0000 - 0x00007ffe246c2000 	D:\jdk-11.0.16\bin\nio.dll
0x00007ffe44c30000 - 0x00007ffe44c39000 	D:\jdk-11.0.16\bin\management.dll
0x00007ffe44910000 - 0x00007ffe4491b000 	D:\jdk-11.0.16\bin\management_ext.dll
0x00007ffe3fc90000 - 0x00007ffe3fca7000 	C:\Windows\system32\napinsp.dll
0x00007ffe3fbe0000 - 0x00007ffe3fbfb000 	C:\Windows\system32\pnrpnsp.dll
0x00007ffe545e0000 - 0x00007ffe545f5000 	C:\Windows\system32\wshbth.dll
0x00007ffe550f0000 - 0x00007ffe5510d000 	C:\Windows\system32\NLAapi.dll
0x00007ffe58940000 - 0x00007ffe5897c000 	C:\Windows\SYSTEM32\IPHLPAPI.DLL
0x00007ffe58990000 - 0x00007ffe58a5a000 	C:\Windows\SYSTEM32\DNSAPI.dll
0x00007ffe5bdc0000 - 0x00007ffe5bdc8000 	C:\Windows\System32\NSI.dll
0x00007ffe3fa90000 - 0x00007ffe3faa2000 	C:\Windows\System32\winrnr.dll
0x000000006d940000 - 0x000000006d966000 	C:\Program Files\Bonjour\mdnsNSP.dll
0x00007ffe45cb0000 - 0x00007ffe45cba000 	C:\Windows\System32\rasadhlp.dll
0x00007ffe47120000 - 0x00007ffe471a2000 	C:\Windows\System32\fwpuclnt.dll
0x00007ffe594f0000 - 0x00007ffe59517000 	C:\Windows\System32\bcrypt.dll
0x00007ffe58ea0000 - 0x00007ffe58eb8000 	C:\Windows\SYSTEM32\CRYPTSP.dll
0x00007ffe58550000 - 0x00007ffe58584000 	C:\Windows\system32\rsaenh.dll
0x00007ffe593f0000 - 0x00007ffe5941e000 	C:\Windows\SYSTEM32\USERENV.dll
0x00007ffe58e90000 - 0x00007ffe58e9c000 	C:\Windows\SYSTEM32\CRYPTBASE.dll
0x00007ffe54f20000 - 0x00007ffe54f37000 	C:\Windows\SYSTEM32\dhcpcsvc6.DLL
0x00007ffe4fff0000 - 0x00007ffe5000d000 	C:\Windows\SYSTEM32\dhcpcsvc.DLL
0x00007ffe24680000 - 0x00007ffe246a5000 	D:\jdk-11.0.16\bin\sunec.dll
0x00007ffe44890000 - 0x00007ffe4489d000 	D:\jdk-11.0.16\bin\sunmscapi.dll
0x00007ffe596d0000 - 0x00007ffe5982e000 	C:\Windows\System32\CRYPT32.dll
0x00007ffe58fb0000 - 0x00007ffe58fd8000 	C:\Windows\SYSTEM32\ncrypt.dll
0x00007ffe58f70000 - 0x00007ffe58fab000 	C:\Windows\SYSTEM32\NTASN1.dll

dbghelp: loaded successfully - version: 4.0.5 - missing functions: none
symbol engine: initialized successfully - sym options: 0x614 - pdb path: .;D:\jdk-11.0.16\bin;C:\Windows\SYSTEM32;C:\Windows\WinSxS\amd64_microsoft.windows.common-controls_6595b64144ccf1df_6.0.19041.1110_none_60b5254171f9507e;D:\jdk-11.0.16\bin\server;C:\Program Files\Bonjour

VM Arguments:
jvm_args: -Dfile.encoding=MS950 
java_command: com.example.demo_project.DemoProjectApplication
java_class_path (initial): D:\firstjava\java1\demo_project\bin\main;C:\Users\lenovo\.gradle\caches\modules-2\files-2.1\org.springframework.boot\spring-boot-starter-web\2.6.12\604dc60871856c3832987f95a60654291f01882e\spring-boot-starter-web-2.6.12.jar;C:\Users\lenovo\.gradle\caches\modules-2\files-2.1\org.springframework.boot\spring-boot-starter-data-jpa\2.7.4\d7eca5c4ca2ccba19256efb90ef75672292e5bc\spring-boot-starter-data-jpa-2.7.4.jar;C:\Users\lenovo\.gradle\caches\modules-2\files-2.1\org.springdoc\springdoc-openapi-ui\1.6.12\1fb4811c879230349704edc7587ae7a280ef4b81\springdoc-openapi-ui-1.6.12.jar;C:\Users\lenovo\.gradle\caches\modules-2\files-2.1\org.springframework.boot\spring-boot-starter-aop\2.6.12\988faf892d37b4d738bf879d0e44ffbe97d1c38c\spring-boot-starter-aop-2.6.12.jar;C:\Users\lenovo\.gradle\caches\modules-2\files-2.1\org.springframework.boot\spring-boot-starter-thymeleaf\2.6.12\289d153305844829fff01791952efff8e1df9d40\spring-boot-starter-thymeleaf-2.6.12.jar;C:\Users\lenovo\.gradle\caches\modules-2\files-2.1\org.springframework.boot\spring-boot-starter-security\2.6.12\3052ca7ae8bf4034d5e9bd3736eef80a5b36f46\spring-boot-starter-security-2.6.12.jar;C:\Users\lenovo\.gradle\caches\modules-2\files-2.1\org.springframework.boot\spring-boot-starter-cache\2.6.12\f54664778400ddbf656910c4bb8c176b2f460887\spring-boot-starter-cache-2.6.12.jar;C:\Users\lenovo\.gradle\caches\modules-2\files-2.1\com.github.ben-manes.caffeine\caffeine\2.9.3\b162491f768824d21487551873f9b3b374a7fe19\caffeine-2.9.3.jar;C:\Users\lenovo\.gradle\caches\modules-2\files-2.1\org.springframework.boot\spring-boot-starter-json\2.6.12\1d2da11dc04bac09264c5e5f4cbfb0bf4e5c477a\spring-boot-starter-json-2.6.12.jar;C:\Users\lenovo\.gradle\caches\modules-2\files-2.1\org.springframework.boot\spring-boot-starter-jdbc\2.6.12\b53299e431efcffadd3dd64afa12a06babee50aa\spring-boot-starter-jdbc-2.6.12.jar;C:\Users\lenovo\.gradle\caches\modules-2\files-2.1\org.springframework.boot\spring-boot-starter\2.6.12\3a068
Launcher Type: SUN_STANDARD

[Global flags]
     intx CICompilerCount                          = 3                                         {product} {ergonomic}
     uint ConcGCThreads                            = 1                                         {product} {ergonomic}
     uint G1ConcRefinementThreads                  = 4                                         {product} {ergonomic}
   size_t G1HeapRegionSize                         = 1048576                                   {product} {ergonomic}
    uintx GCDrainStackTargetSize                   = 64                                        {product} {ergonomic}
   size_t InitialHeapSize                          = 134217728                                 {product} {ergonomic}
   size_t MarkStackSize                            = 4194304                                   {product} {ergonomic}
   size_t MaxHeapSize                              = 2116026368                                {product} {ergonomic}
   size_t MaxNewSize                               = 1268776960                                {product} {ergonomic}
   size_t MinHeapDeltaBytes                        = 1048576                                   {product} {ergonomic}
    uintx NonNMethodCodeHeapSize                   = 5830732                                {pd product} {ergonomic}
    uintx NonProfiledCodeHeapSize                  = 122913754                              {pd product} {ergonomic}
    uintx ProfiledCodeHeapSize                     = 122913754                              {pd product} {ergonomic}
    uintx ReservedCodeCacheSize                    = 251658240                              {pd product} {ergonomic}
     bool SegmentedCodeCache                       = true                                      {product} {ergonomic}
     bool UseCompressedClassPointers               = true                                 {lp64_product} {ergonomic}
     bool UseCompressedOops                        = true                                 {lp64_product} {ergonomic}
     bool UseG1GC                                  = true                                      {product} {ergonomic}
     bool UseLargePagesIndividualAllocation        = false                                  {pd product} {ergonomic}

Logging:
Log output configuration:
 #0: stdout all=warning uptime,level,tags
 #1: stderr all=off uptime,level,tags

Environment Variables:
PATH=D:/JAVA/eclipse-jee-2022-03-R-win32-x86_64/eclipse//plugins/org.eclipse.justj.openjdk.hotspot.jre.full.win32.x86_64_17.0.2.v20220201-1208/jre/bin/server;D:/JAVA/eclipse-jee-2022-03-R-win32-x86_64/eclipse//plugins/org.eclipse.justj.openjdk.hotspot.jre.full.win32.x86_64_17.0.2.v20220201-1208/jre/bin;E:\1120320_JAVA_11\bin;C:\Program Files (x86)\VMware\VMware Player\bin\;C:\Program Files\Common Files\Oracle\Java\javapath;C:\Windows\system32;C:\Windows;C:\Windows\System32\Wbem;C:\Windows\System32\WindowsPowerShell\v1.0\;C:\Windows\System32\OpenSSH\;C:\Program Files (x86)\Intel\Intel(R) Management Engine Components\DAL;C:\Program Files\Intel\Intel(R) Management Engine Components\DAL;D:\jdk-11.0.15.1_windows-x64_bin.zip\jdk-11.0.15.1\bin;D:\jdk-11.0.14.101-hotspot\bin;D:\jdk-11.0.16\bin;C:\Program Files\Git\cmd;C:\Program Files\TortoiseGit\bin;C:\Program Files\dotnet\;%JAVA_HOME_11%\bin;C:\Program Files\Microsoft SQL Server\Client SDK\ODBC\170\Tools\Binn\;C:\Program Files\Microsoft SQL Server\150\Tools\Binn\;C:\Program Files\nodejs\;C:\Program Files\MySQL\MySQL Shell 8.0\bin\;C:\Users\lenovo\AppData\Local\Microsoft\WindowsApps;D:\java11\bin;D:\jdk-11.0.15.1_windows-x64_bin.zip\jdk-11.0.15.1\bin;D:\vscode\Microsoft VS Code\bin;C:\Users\lenovo\.dotnet\tools;C:\Users\lenovo\AppData\Roaming\npm;D:\JAVA\eclipse-jee-2022-03-R-win32-x86_64\eclipse;
USERNAME=lenovo
OS=Windows_NT
PROCESSOR_IDENTIFIER=Intel64 Family 6 Model 142 Stepping 9, GenuineIntel



---------------  S Y S T E M  ---------------

OS: Windows 10 , 64 bit Build 19041 (10.0.19041.3031)

CPU:total 4 (initial active 4) (2 cores per cpu, 2 threads per core) family 6 model 142 stepping 9 microcode 0xb4, cmov, cx8, fxsr, mmx, sse, sse2, sse3, ssse3, sse4.1, sse4.2, popcnt, avx, avx2, aes, clmul, erms, rtm, 3dnowpref, lzcnt, ht, tsc, tscinvbit, bmi1, bmi2, adx, fma

Memory: 4k page, system-wide physical 8071M (2167M free)
TotalPageFile size 10247M (AvailPageFile size 2999M)
current process WorkingSet (physical memory assigned to process): 325M, peak: 328M
current process commit charge ("private bytes"): 389M, peak: 392M

vm_info: Java HotSpot(TM) 64-Bit Server VM (11.0.16+11-LTS-199) for windows-amd64 JRE (11.0.16+11-LTS-199), built on Jun 28 2022 08:23:17 by "mach5one" with MS VC++ 15.9 (VS2017)

END.
