11:08:49.100 INFO  [main][DemoProjectApplication.logStarting(StartupInfoLogger.java:55)] Starting DemoProjectApplication using Java 11.0.16 on DESKTOP-8EH4641 with PID 6304 (D:\firstjava\java1\demo_project\bin\main started by lenovo in D:\firstjava\java1\demo_project)
11:08:49.116 INFO  [main][DemoProjectApplication.logStartupProfileInfo(SpringApplication.java:645)] No active profile set, falling back to 1 default profile: "default"
11:08:51.855 INFO  [main][RepositoryConfigurationDelegate.registerRepositoriesIn(RepositoryConfigurationDelegate.java:132)] Bootstrapping Spring Data JPA repositories in DEFAULT mode.
11:08:52.067 INFO  [main][RepositoryConfigurationDelegate.registerRepositoriesIn(RepositoryConfigurationDelegate.java:201)] Finished Spring Data repository scanning in 190 ms. Found 11 JPA repository interfaces.
11:08:54.906 INFO  [main][TomcatWebServer.initialize(TomcatWebServer.java:108)] Tomcat initialized with port(s): 8080 (http)
11:08:54.920 INFO  [main][Http11NioProtocol.log(DirectJDKLog.java:173)] Initializing ProtocolHandler ["http-nio-8080"]
11:08:54.921 INFO  [main][StandardService.log(DirectJDKLog.java:173)] Starting service [Tomcat]
11:08:54.921 INFO  [main][StandardEngine.log(DirectJDKLog.java:173)] Starting Servlet engine: [Apache Tomcat/9.0.65]
11:08:55.228 INFO  [main][[/].log(DirectJDKLog.java:173)] Initializing Spring embedded WebApplicationContext
11:08:55.228 INFO  [main][ServletWebServerApplicationContext.prepareWebApplicationContext(ServletWebServerApplicationContext.java:290)] Root WebApplicationContext: initialization completed in 5983 ms
11:08:55.530 INFO  [main][HikariDataSource.getConnection(HikariDataSource.java:110)] HikariPool-1 - Starting...
11:08:55.901 INFO  [main][HikariDataSource.getConnection(HikariDataSource.java:123)] HikariPool-1 - Start completed.
11:08:56.239 INFO  [main][LogHelper.logPersistenceUnitInformation(LogHelper.java:31)] HHH000204: Processing PersistenceUnitInfo [name: default]
11:08:56.349 INFO  [main][Version.logVersion(Version.java:44)] HHH000412: Hibernate ORM core version 5.6.11.Final
11:08:57.201 INFO  [main][Version.<clinit>(JavaReflectionManager.java:56)] HCANN000001: Hibernate Commons Annotations {5.1.2.Final}
11:08:57.545 INFO  [main][Dialect.<init>(Dialect.java:175)] HHH000400: Using dialect: org.hibernate.dialect.MySQL8Dialect
11:08:58.040 WARN  [main][RootClass.checkCompositeIdentifier(RootClass.java:287)] HHH000038: Composite-id class does not override equals(): com.example.demo_project.entity.Org_Company_id
11:08:58.041 WARN  [main][RootClass.checkCompositeIdentifier(RootClass.java:290)] HHH000039: Composite-id class does not override hashCode(): com.example.demo_project.entity.Org_Company_id
11:08:58.948 INFO  [main][JtaPlatformInitiator.initiateService(JtaPlatformInitiator.java:52)] HHH000490: Using JtaPlatform implementation: [org.hibernate.engine.transaction.jta.platform.internal.NoJtaPlatform]
11:08:58.973 INFO  [main][LocalContainerEntityManagerFactoryBean.buildNativeEntityManagerFactory(AbstractEntityManagerFactoryBean.java:437)] Initialized JPA EntityManagerFactory for persistence unit 'default'
11:08:59.504 WARN  [main][JpaBaseConfiguration$JpaWebConfiguration.openEntityManagerInViewInterceptor(JpaBaseConfiguration.java:219)] spring.jpa.open-in-view is enabled by default. Therefore, database queries may be performed during view rendering. Explicitly configure spring.jpa.open-in-view to disable this warning
11:09:03.231 INFO  [main][DefaultSecurityFilterChain.<init>(DefaultSecurityFilterChain.java:55)] Will secure any request with [org.springframework.security.web.context.request.async.WebAsyncManagerIntegrationFilter@7be9e9fc, org.springframework.security.web.context.SecurityContextPersistenceFilter@1f4fa465, org.springframework.security.web.header.HeaderWriterFilter@23a9400c, org.springframework.security.web.csrf.CsrfFilter@8bb5c2a, org.springframework.security.web.authentication.logout.LogoutFilter@3f2feab7, org.springframework.security.web.authentication.UsernamePasswordAuthenticationFilter@4c51fc9a, org.springframework.security.web.authentication.ui.DefaultLoginPageGeneratingFilter@fc6cac6, org.springframework.security.web.authentication.ui.DefaultLogoutPageGeneratingFilter@7e864fa4, org.springframework.security.web.authentication.www.BasicAuthenticationFilter@2cf97875, org.springframework.security.web.savedrequest.RequestCacheAwareFilter@6b888692, org.springframework.security.web.servletapi.SecurityContextHolderAwareRequestFilter@5935eb9c, org.springframework.security.web.authentication.AnonymousAuthenticationFilter@452d6fd, org.springframework.security.web.session.SessionManagementFilter@6731b6bd, org.springframework.security.web.access.ExceptionTranslationFilter@51eeae0a, org.springframework.security.web.access.intercept.FilterSecurityInterceptor@68423388]
11:09:07.538 INFO  [main][Http11NioProtocol.log(DirectJDKLog.java:173)] Starting ProtocolHandler ["http-nio-8080"]
11:09:07.642 INFO  [main][TomcatWebServer.start(TomcatWebServer.java:220)] Tomcat started on port(s): 8080 (http) with context path ''
11:09:07.690 INFO  [main][DemoProjectApplication.logStarted(StartupInfoLogger.java:61)] Started DemoProjectApplication in 19.309 seconds (JVM running for 20.664)
11:09:52.848 INFO  [main][DemoProjectApplication.logStarting(StartupInfoLogger.java:55)] Starting DemoProjectApplication using Java 11.0.16 on DESKTOP-8EH4641 with PID 13080 (D:\firstjava\java1\demo_project\bin\main started by lenovo in D:\firstjava\java1\demo_project)
11:09:52.863 INFO  [main][DemoProjectApplication.logStartupProfileInfo(SpringApplication.java:645)] No active profile set, falling back to 1 default profile: "default"
11:09:54.354 INFO  [main][RepositoryConfigurationDelegate.registerRepositoriesIn(RepositoryConfigurationDelegate.java:132)] Bootstrapping Spring Data JPA repositories in DEFAULT mode.
11:09:54.538 INFO  [main][RepositoryConfigurationDelegate.registerRepositoriesIn(RepositoryConfigurationDelegate.java:201)] Finished Spring Data repository scanning in 168 ms. Found 11 JPA repository interfaces.
11:09:56.266 INFO  [main][TomcatWebServer.initialize(TomcatWebServer.java:108)] Tomcat initialized with port(s): 8080 (http)
11:09:56.288 INFO  [main][Http11NioProtocol.log(DirectJDKLog.java:173)] Initializing ProtocolHandler ["http-nio-8080"]
11:09:56.289 INFO  [main][StandardService.log(DirectJDKLog.java:173)] Starting service [Tomcat]
11:09:56.289 INFO  [main][StandardEngine.log(DirectJDKLog.java:173)] Starting Servlet engine: [Apache Tomcat/9.0.65]
11:09:56.519 INFO  [main][[/].log(DirectJDKLog.java:173)] Initializing Spring embedded WebApplicationContext
11:09:56.520 INFO  [main][ServletWebServerApplicationContext.prepareWebApplicationContext(ServletWebServerApplicationContext.java:290)] Root WebApplicationContext: initialization completed in 3560 ms
11:09:56.785 INFO  [main][HikariDataSource.getConnection(HikariDataSource.java:110)] HikariPool-1 - Starting...
11:09:57.063 INFO  [main][HikariDataSource.getConnection(HikariDataSource.java:123)] HikariPool-1 - Start completed.
11:09:57.341 INFO  [main][LogHelper.logPersistenceUnitInformation(LogHelper.java:31)] HHH000204: Processing PersistenceUnitInfo [name: default]
11:09:57.417 INFO  [main][Version.logVersion(Version.java:44)] HHH000412: Hibernate ORM core version 5.6.11.Final
11:09:57.695 INFO  [main][Version.<clinit>(JavaReflectionManager.java:56)] HCANN000001: Hibernate Commons Annotations {5.1.2.Final}
11:09:57.909 INFO  [main][Dialect.<init>(Dialect.java:175)] HHH000400: Using dialect: org.hibernate.dialect.MySQL8Dialect
11:09:58.321 WARN  [main][RootClass.checkCompositeIdentifier(RootClass.java:287)] HHH000038: Composite-id class does not override equals(): com.example.demo_project.entity.Org_Company_id
11:09:58.322 WARN  [main][RootClass.checkCompositeIdentifier(RootClass.java:290)] HHH000039: Composite-id class does not override hashCode(): com.example.demo_project.entity.Org_Company_id
11:09:59.061 INFO  [main][JtaPlatformInitiator.initiateService(JtaPlatformInitiator.java:52)] HHH000490: Using JtaPlatform implementation: [org.hibernate.engine.transaction.jta.platform.internal.NoJtaPlatform]
11:09:59.077 INFO  [main][LocalContainerEntityManagerFactoryBean.buildNativeEntityManagerFactory(AbstractEntityManagerFactoryBean.java:437)] Initialized JPA EntityManagerFactory for persistence unit 'default'
11:09:59.475 WARN  [main][JpaBaseConfiguration$JpaWebConfiguration.openEntityManagerInViewInterceptor(JpaBaseConfiguration.java:219)] spring.jpa.open-in-view is enabled by default. Therefore, database queries may be performed during view rendering. Explicitly configure spring.jpa.open-in-view to disable this warning
11:10:02.530 INFO  [main][DefaultSecurityFilterChain.<init>(DefaultSecurityFilterChain.java:55)] Will secure any request with [org.springframework.security.web.context.request.async.WebAsyncManagerIntegrationFilter@10c1682b, org.springframework.security.web.context.SecurityContextPersistenceFilter@55589ef5, org.springframework.security.web.header.HeaderWriterFilter@1d77d9c6, org.springframework.security.web.csrf.CsrfFilter@456c53a, org.springframework.security.web.authentication.logout.LogoutFilter@61c11339, org.springframework.security.web.authentication.UsernamePasswordAuthenticationFilter@85fd4b, org.springframework.security.web.authentication.ui.DefaultLoginPageGeneratingFilter@6414eb98, org.springframework.security.web.authentication.ui.DefaultLogoutPageGeneratingFilter@2cf97875, org.springframework.security.web.authentication.www.BasicAuthenticationFilter@6b44121e, org.springframework.security.web.savedrequest.RequestCacheAwareFilter@793248d, org.springframework.security.web.servletapi.SecurityContextHolderAwareRequestFilter@6b888692, org.springframework.security.web.authentication.AnonymousAuthenticationFilter@2e7563f6, org.springframework.security.web.session.SessionManagementFilter@51eeae0a, org.springframework.security.web.access.ExceptionTranslationFilter@603a34e5, org.springframework.security.web.access.intercept.FilterSecurityInterceptor@6cb2b947]
11:10:05.061 INFO  [main][Http11NioProtocol.log(DirectJDKLog.java:173)] Starting ProtocolHandler ["http-nio-8080"]
11:10:05.090 INFO  [main][TomcatWebServer.start(TomcatWebServer.java:220)] Tomcat started on port(s): 8080 (http) with context path ''
11:10:05.107 INFO  [main][DemoProjectApplication.logStarted(StartupInfoLogger.java:61)] Started DemoProjectApplication in 12.999 seconds (JVM running for 14.078)
11:10:54.416 INFO  [http-nio-8080-exec-1][[/].log(DirectJDKLog.java:173)] Initializing Spring DispatcherServlet 'dispatcherServlet'
11:10:54.417 INFO  [http-nio-8080-exec-1][DispatcherServlet.initServletBean(FrameworkServlet.java:525)] Initializing Servlet 'dispatcherServlet'
11:10:54.421 INFO  [http-nio-8080-exec-1][DispatcherServlet.initServletBean(FrameworkServlet.java:547)] Completed initialization in 3 ms
11:11:13.490 INFO  [main][DemoProjectApplication.logStarting(StartupInfoLogger.java:55)] Starting DemoProjectApplication using Java 11.0.16 on DESKTOP-8EH4641 with PID 8588 (D:\firstjava\java1\demo_project\bin\main started by lenovo in D:\firstjava\java1\demo_project)
11:11:13.500 INFO  [main][DemoProjectApplication.logStartupProfileInfo(SpringApplication.java:645)] No active profile set, falling back to 1 default profile: "default"
11:11:15.483 INFO  [main][RepositoryConfigurationDelegate.registerRepositoriesIn(RepositoryConfigurationDelegate.java:132)] Bootstrapping Spring Data JPA repositories in DEFAULT mode.
11:11:15.681 INFO  [main][RepositoryConfigurationDelegate.registerRepositoriesIn(RepositoryConfigurationDelegate.java:201)] Finished Spring Data repository scanning in 177 ms. Found 11 JPA repository interfaces.
11:11:18.834 INFO  [main][TomcatWebServer.initialize(TomcatWebServer.java:108)] Tomcat initialized with port(s): 8080 (http)
11:11:18.858 INFO  [main][Http11NioProtocol.log(DirectJDKLog.java:173)] Initializing ProtocolHandler ["http-nio-8080"]
11:11:18.859 INFO  [main][StandardService.log(DirectJDKLog.java:173)] Starting service [Tomcat]
11:11:18.859 INFO  [main][StandardEngine.log(DirectJDKLog.java:173)] Starting Servlet engine: [Apache Tomcat/9.0.65]
11:11:19.126 INFO  [main][[/].log(DirectJDKLog.java:173)] Initializing Spring embedded WebApplicationContext
11:11:19.127 INFO  [main][ServletWebServerApplicationContext.prepareWebApplicationContext(ServletWebServerApplicationContext.java:290)] Root WebApplicationContext: initialization completed in 5471 ms
11:11:19.627 INFO  [main][HikariDataSource.getConnection(HikariDataSource.java:110)] HikariPool-1 - Starting...
11:11:20.100 INFO  [main][HikariDataSource.getConnection(HikariDataSource.java:123)] HikariPool-1 - Start completed.
11:11:20.439 INFO  [main][LogHelper.logPersistenceUnitInformation(LogHelper.java:31)] HHH000204: Processing PersistenceUnitInfo [name: default]
11:11:20.552 INFO  [main][Version.logVersion(Version.java:44)] HHH000412: Hibernate ORM core version 5.6.11.Final
11:11:21.385 INFO  [main][Version.<clinit>(JavaReflectionManager.java:56)] HCANN000001: Hibernate Commons Annotations {5.1.2.Final}
11:11:22.021 INFO  [main][Dialect.<init>(Dialect.java:175)] HHH000400: Using dialect: org.hibernate.dialect.MySQL8Dialect
11:11:22.573 WARN  [main][RootClass.checkCompositeIdentifier(RootClass.java:287)] HHH000038: Composite-id class does not override equals(): com.example.demo_project.entity.Org_Company_id
11:11:22.574 WARN  [main][RootClass.checkCompositeIdentifier(RootClass.java:290)] HHH000039: Composite-id class does not override hashCode(): com.example.demo_project.entity.Org_Company_id
11:11:23.354 INFO  [main][JtaPlatformInitiator.initiateService(JtaPlatformInitiator.java:52)] HHH000490: Using JtaPlatform implementation: [org.hibernate.engine.transaction.jta.platform.internal.NoJtaPlatform]
11:11:23.371 INFO  [main][LocalContainerEntityManagerFactoryBean.buildNativeEntityManagerFactory(AbstractEntityManagerFactoryBean.java:437)] Initialized JPA EntityManagerFactory for persistence unit 'default'
11:11:23.744 WARN  [main][JpaBaseConfiguration$JpaWebConfiguration.openEntityManagerInViewInterceptor(JpaBaseConfiguration.java:219)] spring.jpa.open-in-view is enabled by default. Therefore, database queries may be performed during view rendering. Explicitly configure spring.jpa.open-in-view to disable this warning
11:11:26.817 INFO  [main][DefaultSecurityFilterChain.<init>(DefaultSecurityFilterChain.java:55)] Will secure any request with [org.springframework.security.web.context.request.async.WebAsyncManagerIntegrationFilter@542c6165, org.springframework.security.web.context.SecurityContextPersistenceFilter@6a7cbeed, org.springframework.security.web.header.HeaderWriterFilter@73973e77, org.springframework.security.web.csrf.CsrfFilter@19439ec4, org.springframework.security.web.authentication.logout.LogoutFilter@69862a1, org.springframework.security.web.authentication.UsernamePasswordAuthenticationFilter@2220c5f7, org.springframework.security.web.authentication.ui.DefaultLoginPageGeneratingFilter@1cb7f2fe, org.springframework.security.web.authentication.ui.DefaultLogoutPageGeneratingFilter@539f2fec, org.springframework.security.web.authentication.www.BasicAuthenticationFilter@123d666b, org.springframework.security.web.savedrequest.RequestCacheAwareFilter@1d208795, org.springframework.security.web.servletapi.SecurityContextHolderAwareRequestFilter@1d82d35c, org.springframework.security.web.authentication.AnonymousAuthenticationFilter@a4e1ca7, org.springframework.security.web.session.SessionManagementFilter@29612ee2, org.springframework.security.web.access.ExceptionTranslationFilter@47462daf, org.springframework.security.web.access.intercept.FilterSecurityInterceptor@397f9672]
11:11:30.010 INFO  [main][Http11NioProtocol.log(DirectJDKLog.java:173)] Starting ProtocolHandler ["http-nio-8080"]
11:11:30.063 INFO  [main][TomcatWebServer.start(TomcatWebServer.java:220)] Tomcat started on port(s): 8080 (http) with context path ''
11:11:30.114 INFO  [main][DemoProjectApplication.logStarted(StartupInfoLogger.java:61)] Started DemoProjectApplication in 17.53 seconds (JVM running for 19.233)
11:11:35.116 INFO  [http-nio-8080-exec-1][[/].log(DirectJDKLog.java:173)] Initializing Spring DispatcherServlet 'dispatcherServlet'
11:11:35.117 INFO  [http-nio-8080-exec-1][DispatcherServlet.initServletBean(FrameworkServlet.java:525)] Initializing Servlet 'dispatcherServlet'
11:11:35.120 INFO  [http-nio-8080-exec-1][DispatcherServlet.initServletBean(FrameworkServlet.java:547)] Completed initialization in 3 ms
