11:09:49.145 INFO  [main][DemoProjectApplication.logStarting(StartupInfoLogger.java:55)] Starting DemoProjectApplication using Java 17.0.2 on DESKTOP-8EH4641 with PID 4616 (D:\firstjava\java1\demo_project\bin\main started by lenovo in D:\firstjava\java1\demo_project)
11:09:49.163 INFO  [main][DemoProjectApplication.logStartupProfileInfo(SpringApplication.java:645)] No active profile set, falling back to 1 default profile: "default"
11:09:50.903 INFO  [main][RepositoryConfigurationDelegate.registerRepositoriesIn(RepositoryConfigurationDelegate.java:132)] Bootstrapping Spring Data JPA repositories in DEFAULT mode.
11:09:51.111 INFO  [main][RepositoryConfigurationDelegate.registerRepositoriesIn(RepositoryConfigurationDelegate.java:201)] Finished Spring Data repository scanning in 182 ms. Found 9 JPA repository interfaces.
11:09:53.226 INFO  [main][TomcatWebServer.initialize(TomcatWebServer.java:108)] Tomcat initialized with port(s): 8080 (http)
11:09:53.254 INFO  [main][Http11NioProtocol.log(DirectJDKLog.java:173)] Initializing ProtocolHandler ["http-nio-8080"]
11:09:53.257 INFO  [main][StandardService.log(DirectJDKLog.java:173)] Starting service [Tomcat]
11:09:53.258 INFO  [main][StandardEngine.log(DirectJDKLog.java:173)] Starting Servlet engine: [Apache Tomcat/9.0.65]
11:09:53.544 INFO  [main][[/].log(DirectJDKLog.java:173)] Initializing Spring embedded WebApplicationContext
11:09:53.548 INFO  [main][ServletWebServerApplicationContext.prepareWebApplicationContext(ServletWebServerApplicationContext.java:290)] Root WebApplicationContext: initialization completed in 4238 ms
11:09:53.865 INFO  [main][HikariDataSource.getConnection(HikariDataSource.java:110)] HikariPool-1 - Starting...
11:09:54.481 INFO  [main][HikariDataSource.getConnection(HikariDataSource.java:123)] HikariPool-1 - Start completed.
11:09:54.938 INFO  [main][LogHelper.logPersistenceUnitInformation(LogHelper.java:31)] HHH000204: Processing PersistenceUnitInfo [name: default]
11:09:55.107 INFO  [main][Version.logVersion(Version.java:44)] HHH000412: Hibernate ORM core version 5.6.11.Final
11:09:55.594 INFO  [main][Version.<clinit>(JavaReflectionManager.java:56)] HCANN000001: Hibernate Commons Annotations {5.1.2.Final}
11:09:55.905 INFO  [main][Dialect.<init>(Dialect.java:175)] HHH000400: Using dialect: org.hibernate.dialect.MySQL8Dialect
11:09:56.448 WARN  [main][RootClass.checkCompositeIdentifier(RootClass.java:287)] HHH000038: Composite-id class does not override equals(): com.example.demo_project.entity.Org_Company_id
11:09:56.449 WARN  [main][RootClass.checkCompositeIdentifier(RootClass.java:290)] HHH000039: Composite-id class does not override hashCode(): com.example.demo_project.entity.Org_Company_id
11:09:57.170 INFO  [main][JtaPlatformInitiator.initiateService(JtaPlatformInitiator.java:52)] HHH000490: Using JtaPlatform implementation: [org.hibernate.engine.transaction.jta.platform.internal.NoJtaPlatform]
11:09:57.190 INFO  [main][LocalContainerEntityManagerFactoryBean.buildNativeEntityManagerFactory(AbstractEntityManagerFactoryBean.java:437)] Initialized JPA EntityManagerFactory for persistence unit 'default'
11:10:00.677 WARN  [main][JpaBaseConfiguration$JpaWebConfiguration.openEntityManagerInViewInterceptor(JpaBaseConfiguration.java:219)] spring.jpa.open-in-view is enabled by default. Therefore, database queries may be performed during view rendering. Explicitly configure spring.jpa.open-in-view to disable this warning
11:10:06.013 INFO  [main][Http11NioProtocol.log(DirectJDKLog.java:173)] Starting ProtocolHandler ["http-nio-8080"]
11:10:06.063 INFO  [main][TomcatWebServer.start(TomcatWebServer.java:220)] Tomcat started on port(s): 8080 (http) with context path ''
11:10:06.086 INFO  [main][DemoProjectApplication.logStarted(StartupInfoLogger.java:61)] Started DemoProjectApplication in 17.585 seconds (JVM running for 18.651)
11:10:45.147 INFO  [http-nio-8080-exec-1][[/].log(DirectJDKLog.java:173)] Initializing Spring DispatcherServlet 'dispatcherServlet'
11:10:45.148 INFO  [http-nio-8080-exec-1][DispatcherServlet.initServletBean(FrameworkServlet.java:525)] Initializing Servlet 'dispatcherServlet'
11:10:45.153 INFO  [http-nio-8080-exec-1][DispatcherServlet.initServletBean(FrameworkServlet.java:547)] Completed initialization in 4 ms
11:12:50.582 INFO  [main][DemoProjectApplication.logStarting(StartupInfoLogger.java:55)] Starting DemoProjectApplication using Java 17.0.2 on DESKTOP-8EH4641 with PID 2448 (D:\firstjava\java1\demo_project\bin\main started by lenovo in D:\firstjava\java1\demo_project)
11:12:50.604 INFO  [main][DemoProjectApplication.logStartupProfileInfo(SpringApplication.java:645)] No active profile set, falling back to 1 default profile: "default"
11:12:52.627 INFO  [main][RepositoryConfigurationDelegate.registerRepositoriesIn(RepositoryConfigurationDelegate.java:132)] Bootstrapping Spring Data JPA repositories in DEFAULT mode.
11:12:52.856 INFO  [main][RepositoryConfigurationDelegate.registerRepositoriesIn(RepositoryConfigurationDelegate.java:201)] Finished Spring Data repository scanning in 205 ms. Found 9 JPA repository interfaces.
11:12:55.301 INFO  [main][TomcatWebServer.initialize(TomcatWebServer.java:108)] Tomcat initialized with port(s): 8080 (http)
11:12:55.325 INFO  [main][Http11NioProtocol.log(DirectJDKLog.java:173)] Initializing ProtocolHandler ["http-nio-8080"]
11:12:55.327 INFO  [main][StandardService.log(DirectJDKLog.java:173)] Starting service [Tomcat]
11:12:55.327 INFO  [main][StandardEngine.log(DirectJDKLog.java:173)] Starting Servlet engine: [Apache Tomcat/9.0.65]
11:12:55.722 INFO  [main][[/].log(DirectJDKLog.java:173)] Initializing Spring embedded WebApplicationContext
11:12:55.723 INFO  [main][ServletWebServerApplicationContext.prepareWebApplicationContext(ServletWebServerApplicationContext.java:290)] Root WebApplicationContext: initialization completed in 4953 ms
11:12:56.099 INFO  [main][HikariDataSource.getConnection(HikariDataSource.java:110)] HikariPool-1 - Starting...
11:12:56.458 INFO  [main][HikariDataSource.getConnection(HikariDataSource.java:123)] HikariPool-1 - Start completed.
11:12:56.791 INFO  [main][LogHelper.logPersistenceUnitInformation(LogHelper.java:31)] HHH000204: Processing PersistenceUnitInfo [name: default]
11:12:56.881 INFO  [main][Version.logVersion(Version.java:44)] HHH000412: Hibernate ORM core version 5.6.11.Final
11:12:57.218 INFO  [main][Version.<clinit>(JavaReflectionManager.java:56)] HCANN000001: Hibernate Commons Annotations {5.1.2.Final}
11:12:57.507 INFO  [main][Dialect.<init>(Dialect.java:175)] HHH000400: Using dialect: org.hibernate.dialect.MySQL8Dialect
11:12:58.003 WARN  [main][RootClass.checkCompositeIdentifier(RootClass.java:287)] HHH000038: Composite-id class does not override equals(): com.example.demo_project.entity.Org_Company_id
11:12:58.003 WARN  [main][RootClass.checkCompositeIdentifier(RootClass.java:290)] HHH000039: Composite-id class does not override hashCode(): com.example.demo_project.entity.Org_Company_id
11:12:58.741 INFO  [main][JtaPlatformInitiator.initiateService(JtaPlatformInitiator.java:52)] HHH000490: Using JtaPlatform implementation: [org.hibernate.engine.transaction.jta.platform.internal.NoJtaPlatform]
11:12:58.758 INFO  [main][LocalContainerEntityManagerFactoryBean.buildNativeEntityManagerFactory(AbstractEntityManagerFactoryBean.java:437)] Initialized JPA EntityManagerFactory for persistence unit 'default'
11:13:02.724 WARN  [main][JpaBaseConfiguration$JpaWebConfiguration.openEntityManagerInViewInterceptor(JpaBaseConfiguration.java:219)] spring.jpa.open-in-view is enabled by default. Therefore, database queries may be performed during view rendering. Explicitly configure spring.jpa.open-in-view to disable this warning
11:13:06.715 INFO  [main][Http11NioProtocol.log(DirectJDKLog.java:173)] Starting ProtocolHandler ["http-nio-8080"]
11:13:06.764 INFO  [main][TomcatWebServer.start(TomcatWebServer.java:220)] Tomcat started on port(s): 8080 (http) with context path ''
11:13:06.788 INFO  [main][DemoProjectApplication.logStarted(StartupInfoLogger.java:61)] Started DemoProjectApplication in 16.917 seconds (JVM running for 18.07)
11:13:06.980 INFO  [http-nio-8080-exec-1][[/].log(DirectJDKLog.java:173)] Initializing Spring DispatcherServlet 'dispatcherServlet'
11:13:06.981 INFO  [http-nio-8080-exec-1][DispatcherServlet.initServletBean(FrameworkServlet.java:525)] Initializing Servlet 'dispatcherServlet'
11:13:06.983 INFO  [http-nio-8080-exec-1][DispatcherServlet.initServletBean(FrameworkServlet.java:547)] Completed initialization in 2 ms
11:15:18.109 INFO  [main][DemoProjectApplication.logStarting(StartupInfoLogger.java:55)] Starting DemoProjectApplication using Java 17.0.2 on DESKTOP-8EH4641 with PID 10388 (D:\firstjava\java1\demo_project\bin\main started by lenovo in D:\firstjava\java1\demo_project)
11:15:18.117 INFO  [main][DemoProjectApplication.logStartupProfileInfo(SpringApplication.java:645)] No active profile set, falling back to 1 default profile: "default"
11:15:19.662 INFO  [main][RepositoryConfigurationDelegate.registerRepositoriesIn(RepositoryConfigurationDelegate.java:132)] Bootstrapping Spring Data JPA repositories in DEFAULT mode.
11:15:19.851 INFO  [main][RepositoryConfigurationDelegate.registerRepositoriesIn(RepositoryConfigurationDelegate.java:201)] Finished Spring Data repository scanning in 170 ms. Found 9 JPA repository interfaces.
11:15:21.702 INFO  [main][TomcatWebServer.initialize(TomcatWebServer.java:108)] Tomcat initialized with port(s): 8080 (http)
11:15:21.723 INFO  [main][Http11NioProtocol.log(DirectJDKLog.java:173)] Initializing ProtocolHandler ["http-nio-8080"]
11:15:21.726 INFO  [main][StandardService.log(DirectJDKLog.java:173)] Starting service [Tomcat]
11:15:21.727 INFO  [main][StandardEngine.log(DirectJDKLog.java:173)] Starting Servlet engine: [Apache Tomcat/9.0.65]
11:15:22.067 INFO  [main][[/].log(DirectJDKLog.java:173)] Initializing Spring embedded WebApplicationContext
11:15:22.073 INFO  [main][ServletWebServerApplicationContext.prepareWebApplicationContext(ServletWebServerApplicationContext.java:290)] Root WebApplicationContext: initialization completed in 3821 ms
11:15:22.500 INFO  [main][HikariDataSource.getConnection(HikariDataSource.java:110)] HikariPool-1 - Starting...
11:25:27.795 INFO  [main][DemoProjectApplication.logStarting(StartupInfoLogger.java:55)] Starting DemoProjectApplication using Java 17.0.2 on DESKTOP-8EH4641 with PID 13068 (D:\firstjava\java1\demo_project\bin\main started by lenovo in D:\firstjava\java1\demo_project)
11:25:27.806 INFO  [main][DemoProjectApplication.logStartupProfileInfo(SpringApplication.java:645)] No active profile set, falling back to 1 default profile: "default"
11:25:29.477 INFO  [main][RepositoryConfigurationDelegate.registerRepositoriesIn(RepositoryConfigurationDelegate.java:132)] Bootstrapping Spring Data JPA repositories in DEFAULT mode.
11:25:29.709 INFO  [main][RepositoryConfigurationDelegate.registerRepositoriesIn(RepositoryConfigurationDelegate.java:201)] Finished Spring Data repository scanning in 209 ms. Found 9 JPA repository interfaces.
11:25:32.017 INFO  [main][TomcatWebServer.initialize(TomcatWebServer.java:108)] Tomcat initialized with port(s): 8080 (http)
11:25:32.045 INFO  [main][Http11NioProtocol.log(DirectJDKLog.java:173)] Initializing ProtocolHandler ["http-nio-8080"]
11:25:32.047 INFO  [main][StandardService.log(DirectJDKLog.java:173)] Starting service [Tomcat]
11:25:32.047 INFO  [main][StandardEngine.log(DirectJDKLog.java:173)] Starting Servlet engine: [Apache Tomcat/9.0.65]
11:25:32.406 INFO  [main][[/].log(DirectJDKLog.java:173)] Initializing Spring embedded WebApplicationContext
11:25:32.406 INFO  [main][ServletWebServerApplicationContext.prepareWebApplicationContext(ServletWebServerApplicationContext.java:290)] Root WebApplicationContext: initialization completed in 4481 ms
11:25:32.782 INFO  [main][HikariDataSource.getConnection(HikariDataSource.java:110)] HikariPool-1 - Starting...
11:25:33.095 INFO  [main][HikariDataSource.getConnection(HikariDataSource.java:123)] HikariPool-1 - Start completed.
11:25:33.413 INFO  [main][LogHelper.logPersistenceUnitInformation(LogHelper.java:31)] HHH000204: Processing PersistenceUnitInfo [name: default]
11:25:33.499 INFO  [main][Version.logVersion(Version.java:44)] HHH000412: Hibernate ORM core version 5.6.11.Final
11:25:33.896 INFO  [main][Version.<clinit>(JavaReflectionManager.java:56)] HCANN000001: Hibernate Commons Annotations {5.1.2.Final}
11:25:34.138 INFO  [main][Dialect.<init>(Dialect.java:175)] HHH000400: Using dialect: org.hibernate.dialect.MySQL8Dialect
11:25:34.577 WARN  [main][RootClass.checkCompositeIdentifier(RootClass.java:287)] HHH000038: Composite-id class does not override equals(): com.example.demo_project.entity.Org_Company_id
11:25:34.578 WARN  [main][RootClass.checkCompositeIdentifier(RootClass.java:290)] HHH000039: Composite-id class does not override hashCode(): com.example.demo_project.entity.Org_Company_id
11:25:35.246 INFO  [main][JtaPlatformInitiator.initiateService(JtaPlatformInitiator.java:52)] HHH000490: Using JtaPlatform implementation: [org.hibernate.engine.transaction.jta.platform.internal.NoJtaPlatform]
11:25:35.262 INFO  [main][LocalContainerEntityManagerFactoryBean.buildNativeEntityManagerFactory(AbstractEntityManagerFactoryBean.java:437)] Initialized JPA EntityManagerFactory for persistence unit 'default'
11:25:39.373 WARN  [main][JpaBaseConfiguration$JpaWebConfiguration.openEntityManagerInViewInterceptor(JpaBaseConfiguration.java:219)] spring.jpa.open-in-view is enabled by default. Therefore, database queries may be performed during view rendering. Explicitly configure spring.jpa.open-in-view to disable this warning
11:25:43.046 INFO  [main][Http11NioProtocol.log(DirectJDKLog.java:173)] Starting ProtocolHandler ["http-nio-8080"]
11:25:43.096 INFO  [main][TomcatWebServer.start(TomcatWebServer.java:220)] Tomcat started on port(s): 8080 (http) with context path ''
11:25:43.128 INFO  [main][DemoProjectApplication.logStarted(StartupInfoLogger.java:61)] Started DemoProjectApplication in 15.937 seconds (JVM running for 17.349)
11:25:47.143 INFO  [http-nio-8080-exec-1][[/].log(DirectJDKLog.java:173)] Initializing Spring DispatcherServlet 'dispatcherServlet'
11:25:47.143 INFO  [http-nio-8080-exec-1][DispatcherServlet.initServletBean(FrameworkServlet.java:525)] Initializing Servlet 'dispatcherServlet'
11:25:47.155 INFO  [http-nio-8080-exec-1][DispatcherServlet.initServletBean(FrameworkServlet.java:547)] Completed initialization in 11 ms
11:39:42.889 INFO  [main][DemoProjectApplication.logStarting(StartupInfoLogger.java:55)] Starting DemoProjectApplication using Java 17.0.2 on DESKTOP-8EH4641 with PID 9844 (D:\firstjava\java1\demo_project\bin\main started by lenovo in D:\firstjava\java1\demo_project)
11:39:42.897 INFO  [main][DemoProjectApplication.logStartupProfileInfo(SpringApplication.java:645)] No active profile set, falling back to 1 default profile: "default"
11:39:44.541 INFO  [main][RepositoryConfigurationDelegate.registerRepositoriesIn(RepositoryConfigurationDelegate.java:132)] Bootstrapping Spring Data JPA repositories in DEFAULT mode.
11:39:44.736 INFO  [main][RepositoryConfigurationDelegate.registerRepositoriesIn(RepositoryConfigurationDelegate.java:201)] Finished Spring Data repository scanning in 174 ms. Found 9 JPA repository interfaces.
11:39:46.535 INFO  [main][TomcatWebServer.initialize(TomcatWebServer.java:108)] Tomcat initialized with port(s): 8080 (http)
11:39:46.552 INFO  [main][Http11NioProtocol.log(DirectJDKLog.java:173)] Initializing ProtocolHandler ["http-nio-8080"]
11:39:46.553 INFO  [main][StandardService.log(DirectJDKLog.java:173)] Starting service [Tomcat]
11:39:46.554 INFO  [main][StandardEngine.log(DirectJDKLog.java:173)] Starting Servlet engine: [Apache Tomcat/9.0.65]
11:39:46.790 INFO  [main][[/].log(DirectJDKLog.java:173)] Initializing Spring embedded WebApplicationContext
11:39:46.793 INFO  [main][ServletWebServerApplicationContext.prepareWebApplicationContext(ServletWebServerApplicationContext.java:290)] Root WebApplicationContext: initialization completed in 3761 ms
11:39:47.166 INFO  [main][HikariDataSource.getConnection(HikariDataSource.java:110)] HikariPool-1 - Starting...
11:39:47.453 INFO  [main][HikariDataSource.getConnection(HikariDataSource.java:123)] HikariPool-1 - Start completed.
11:39:47.783 INFO  [main][LogHelper.logPersistenceUnitInformation(LogHelper.java:31)] HHH000204: Processing PersistenceUnitInfo [name: default]
11:39:47.869 INFO  [main][Version.logVersion(Version.java:44)] HHH000412: Hibernate ORM core version 5.6.11.Final
11:39:48.160 INFO  [main][Version.<clinit>(JavaReflectionManager.java:56)] HCANN000001: Hibernate Commons Annotations {5.1.2.Final}
11:39:48.383 INFO  [main][Dialect.<init>(Dialect.java:175)] HHH000400: Using dialect: org.hibernate.dialect.MySQL8Dialect
11:39:48.811 WARN  [main][RootClass.checkCompositeIdentifier(RootClass.java:287)] HHH000038: Composite-id class does not override equals(): com.example.demo_project.entity.Org_Company_id
11:39:48.814 WARN  [main][RootClass.checkCompositeIdentifier(RootClass.java:290)] HHH000039: Composite-id class does not override hashCode(): com.example.demo_project.entity.Org_Company_id
11:39:49.459 INFO  [main][JtaPlatformInitiator.initiateService(JtaPlatformInitiator.java:52)] HHH000490: Using JtaPlatform implementation: [org.hibernate.engine.transaction.jta.platform.internal.NoJtaPlatform]
11:39:49.474 INFO  [main][LocalContainerEntityManagerFactoryBean.buildNativeEntityManagerFactory(AbstractEntityManagerFactoryBean.java:437)] Initialized JPA EntityManagerFactory for persistence unit 'default'
11:39:52.079 WARN  [main][JpaBaseConfiguration$JpaWebConfiguration.openEntityManagerInViewInterceptor(JpaBaseConfiguration.java:219)] spring.jpa.open-in-view is enabled by default. Therefore, database queries may be performed during view rendering. Explicitly configure spring.jpa.open-in-view to disable this warning
11:39:55.051 WARN  [main][UserDetailsServiceAutoConfiguration.getOrDeducePassword(UserDetailsServiceAutoConfiguration.java:87)] 

Using generated security password: c5886aad-ef93-479f-ae08-2c4aac0c2f1a

This generated password is for development use only. Your security configuration must be updated before running your application in production.

11:39:55.320 INFO  [main][DefaultSecurityFilterChain.<init>(DefaultSecurityFilterChain.java:55)] Will secure any request with [org.springframework.security.web.context.request.async.WebAsyncManagerIntegrationFilter@67263db7, org.springframework.security.web.context.SecurityContextPersistenceFilter@48e859f7, org.springframework.security.web.header.HeaderWriterFilter@54418834, org.springframework.security.web.csrf.CsrfFilter@4458887d, org.springframework.security.web.authentication.logout.LogoutFilter@289d9f0d, org.springframework.security.web.authentication.UsernamePasswordAuthenticationFilter@2d2afbdf, org.springframework.security.web.authentication.ui.DefaultLoginPageGeneratingFilter@7e584f3c, org.springframework.security.web.authentication.ui.DefaultLogoutPageGeneratingFilter@4a2bc71f, org.springframework.security.web.authentication.www.BasicAuthenticationFilter@4a1abba1, org.springframework.security.web.savedrequest.RequestCacheAwareFilter@63b85d97, org.springframework.security.web.servletapi.SecurityContextHolderAwareRequestFilter@50cadbae, org.springframework.security.web.authentication.AnonymousAuthenticationFilter@20f94e9a, org.springframework.security.web.session.SessionManagementFilter@6d21a69f, org.springframework.security.web.access.ExceptionTranslationFilter@11b234aa, org.springframework.security.web.access.intercept.FilterSecurityInterceptor@690113f0]
11:39:55.513 INFO  [main][Http11NioProtocol.log(DirectJDKLog.java:173)] Starting ProtocolHandler ["http-nio-8080"]
11:39:55.555 INFO  [main][TomcatWebServer.start(TomcatWebServer.java:220)] Tomcat started on port(s): 8080 (http) with context path ''
11:39:55.577 INFO  [main][DemoProjectApplication.logStarted(StartupInfoLogger.java:61)] Started DemoProjectApplication in 13.317 seconds (JVM running for 14.496)
11:40:21.739 INFO  [http-nio-8080-exec-1][[/].log(DirectJDKLog.java:173)] Initializing Spring DispatcherServlet 'dispatcherServlet'
11:40:21.740 INFO  [http-nio-8080-exec-1][DispatcherServlet.initServletBean(FrameworkServlet.java:525)] Initializing Servlet 'dispatcherServlet'
11:40:21.746 INFO  [http-nio-8080-exec-1][DispatcherServlet.initServletBean(FrameworkServlet.java:547)] Completed initialization in 3 ms
11:40:21.975 WARN  [http-nio-8080-exec-1][SessionIdGeneratorBase.log(DirectJDKLog.java:173)] Creation of SecureRandom instance for session ID generation using [SHA1PRNG] took [154] milliseconds.
11:42:48.101 INFO  [main][DemoProjectApplication.logStarting(StartupInfoLogger.java:55)] Starting DemoProjectApplication using Java 17.0.2 on DESKTOP-8EH4641 with PID 4324 (D:\firstjava\java1\demo_project\bin\main started by lenovo in D:\firstjava\java1\demo_project)
11:42:48.108 INFO  [main][DemoProjectApplication.logStartupProfileInfo(SpringApplication.java:645)] No active profile set, falling back to 1 default profile: "default"
11:42:49.703 INFO  [main][RepositoryConfigurationDelegate.registerRepositoriesIn(RepositoryConfigurationDelegate.java:132)] Bootstrapping Spring Data JPA repositories in DEFAULT mode.
11:42:49.883 INFO  [main][RepositoryConfigurationDelegate.registerRepositoriesIn(RepositoryConfigurationDelegate.java:201)] Finished Spring Data repository scanning in 160 ms. Found 9 JPA repository interfaces.
11:42:51.735 INFO  [main][TomcatWebServer.initialize(TomcatWebServer.java:108)] Tomcat initialized with port(s): 8080 (http)
11:42:51.756 INFO  [main][Http11NioProtocol.log(DirectJDKLog.java:173)] Initializing ProtocolHandler ["http-nio-8080"]
11:42:51.758 INFO  [main][StandardService.log(DirectJDKLog.java:173)] Starting service [Tomcat]
11:42:51.759 INFO  [main][StandardEngine.log(DirectJDKLog.java:173)] Starting Servlet engine: [Apache Tomcat/9.0.65]
11:42:52.008 INFO  [main][[/].log(DirectJDKLog.java:173)] Initializing Spring embedded WebApplicationContext
11:42:52.011 INFO  [main][ServletWebServerApplicationContext.prepareWebApplicationContext(ServletWebServerApplicationContext.java:290)] Root WebApplicationContext: initialization completed in 3763 ms
11:42:52.316 INFO  [main][HikariDataSource.getConnection(HikariDataSource.java:110)] HikariPool-1 - Starting...
11:42:52.640 INFO  [main][HikariDataSource.getConnection(HikariDataSource.java:123)] HikariPool-1 - Start completed.
11:42:52.964 INFO  [main][LogHelper.logPersistenceUnitInformation(LogHelper.java:31)] HHH000204: Processing PersistenceUnitInfo [name: default]
11:42:53.060 INFO  [main][Version.logVersion(Version.java:44)] HHH000412: Hibernate ORM core version 5.6.11.Final
11:42:53.379 INFO  [main][Version.<clinit>(JavaReflectionManager.java:56)] HCANN000001: Hibernate Commons Annotations {5.1.2.Final}
11:42:53.644 INFO  [main][Dialect.<init>(Dialect.java:175)] HHH000400: Using dialect: org.hibernate.dialect.MySQL8Dialect
11:42:54.219 WARN  [main][RootClass.checkCompositeIdentifier(RootClass.java:287)] HHH000038: Composite-id class does not override equals(): com.example.demo_project.entity.Org_Company_id
11:42:54.222 WARN  [main][RootClass.checkCompositeIdentifier(RootClass.java:290)] HHH000039: Composite-id class does not override hashCode(): com.example.demo_project.entity.Org_Company_id
11:42:54.985 INFO  [main][JtaPlatformInitiator.initiateService(JtaPlatformInitiator.java:52)] HHH000490: Using JtaPlatform implementation: [org.hibernate.engine.transaction.jta.platform.internal.NoJtaPlatform]
11:42:55.005 INFO  [main][LocalContainerEntityManagerFactoryBean.buildNativeEntityManagerFactory(AbstractEntityManagerFactoryBean.java:437)] Initialized JPA EntityManagerFactory for persistence unit 'default'
11:42:58.809 WARN  [main][JpaBaseConfiguration$JpaWebConfiguration.openEntityManagerInViewInterceptor(JpaBaseConfiguration.java:219)] spring.jpa.open-in-view is enabled by default. Therefore, database queries may be performed during view rendering. Explicitly configure spring.jpa.open-in-view to disable this warning
11:43:03.094 INFO  [main][DefaultSecurityFilterChain.<init>(DefaultSecurityFilterChain.java:55)] Will secure any request with [org.springframework.security.web.context.request.async.WebAsyncManagerIntegrationFilter@2b8a11d7, org.springframework.security.web.context.SecurityContextPersistenceFilter@57e2d15c, org.springframework.security.web.header.HeaderWriterFilter@24489d12, org.springframework.security.web.csrf.CsrfFilter@5aa026e9, org.springframework.security.web.authentication.logout.LogoutFilter@3325f17, org.springframework.security.web.authentication.UsernamePasswordAuthenticationFilter@7bfedff3, org.springframework.security.web.authentication.ui.DefaultLoginPageGeneratingFilter@15a87fbb, org.springframework.security.web.authentication.ui.DefaultLogoutPageGeneratingFilter@1391d95f, org.springframework.security.web.authentication.www.BasicAuthenticationFilter@149162a4, org.springframework.security.web.savedrequest.RequestCacheAwareFilter@40b7e68c, org.springframework.security.web.servletapi.SecurityContextHolderAwareRequestFilter@15d0f2a3, org.springframework.security.web.authentication.AnonymousAuthenticationFilter@416bff93, org.springframework.security.web.session.SessionManagementFilter@30b5f974, org.springframework.security.web.access.ExceptionTranslationFilter@12e3cf1c, org.springframework.security.web.access.intercept.FilterSecurityInterceptor@2ecb87b2]
11:43:03.321 INFO  [main][Http11NioProtocol.log(DirectJDKLog.java:173)] Starting ProtocolHandler ["http-nio-8080"]
11:43:03.371 INFO  [main][TomcatWebServer.start(TomcatWebServer.java:220)] Tomcat started on port(s): 8080 (http) with context path ''
11:43:03.409 INFO  [main][DemoProjectApplication.logStarted(StartupInfoLogger.java:61)] Started DemoProjectApplication in 15.934 seconds (JVM running for 16.96)
11:43:03.503 INFO  [http-nio-8080-exec-1][[/].log(DirectJDKLog.java:173)] Initializing Spring DispatcherServlet 'dispatcherServlet'
11:43:03.503 INFO  [http-nio-8080-exec-1][DispatcherServlet.initServletBean(FrameworkServlet.java:525)] Initializing Servlet 'dispatcherServlet'
11:43:03.507 INFO  [http-nio-8080-exec-1][DispatcherServlet.initServletBean(FrameworkServlet.java:547)] Completed initialization in 3 ms
11:44:00.951 INFO  [main][DemoProjectApplication.logStarting(StartupInfoLogger.java:55)] Starting DemoProjectApplication using Java 17.0.2 on DESKTOP-8EH4641 with PID 11052 (D:\firstjava\java1\demo_project\bin\main started by lenovo in D:\firstjava\java1\demo_project)
11:44:00.971 INFO  [main][DemoProjectApplication.logStartupProfileInfo(SpringApplication.java:645)] No active profile set, falling back to 1 default profile: "default"
11:44:02.972 INFO  [main][RepositoryConfigurationDelegate.registerRepositoriesIn(RepositoryConfigurationDelegate.java:132)] Bootstrapping Spring Data JPA repositories in DEFAULT mode.
11:44:03.151 INFO  [main][RepositoryConfigurationDelegate.registerRepositoriesIn(RepositoryConfigurationDelegate.java:201)] Finished Spring Data repository scanning in 158 ms. Found 9 JPA repository interfaces.
11:44:05.352 INFO  [main][TomcatWebServer.initialize(TomcatWebServer.java:108)] Tomcat initialized with port(s): 8080 (http)
11:44:05.372 INFO  [main][Http11NioProtocol.log(DirectJDKLog.java:173)] Initializing ProtocolHandler ["http-nio-8080"]
11:44:05.375 INFO  [main][StandardService.log(DirectJDKLog.java:173)] Starting service [Tomcat]
11:44:05.376 INFO  [main][StandardEngine.log(DirectJDKLog.java:173)] Starting Servlet engine: [Apache Tomcat/9.0.65]
11:44:05.615 INFO  [main][[/].log(DirectJDKLog.java:173)] Initializing Spring embedded WebApplicationContext
11:44:05.617 INFO  [main][ServletWebServerApplicationContext.prepareWebApplicationContext(ServletWebServerApplicationContext.java:290)] Root WebApplicationContext: initialization completed in 4493 ms
11:44:05.927 INFO  [main][HikariDataSource.getConnection(HikariDataSource.java:110)] HikariPool-1 - Starting...
11:44:06.257 INFO  [main][HikariDataSource.getConnection(HikariDataSource.java:123)] HikariPool-1 - Start completed.
11:44:06.600 INFO  [main][LogHelper.logPersistenceUnitInformation(LogHelper.java:31)] HHH000204: Processing PersistenceUnitInfo [name: default]
11:44:06.715 INFO  [main][Version.logVersion(Version.java:44)] HHH000412: Hibernate ORM core version 5.6.11.Final
11:44:07.044 INFO  [main][Version.<clinit>(JavaReflectionManager.java:56)] HCANN000001: Hibernate Commons Annotations {5.1.2.Final}
11:44:07.305 INFO  [main][Dialect.<init>(Dialect.java:175)] HHH000400: Using dialect: org.hibernate.dialect.MySQL8Dialect
11:44:07.749 WARN  [main][RootClass.checkCompositeIdentifier(RootClass.java:287)] HHH000038: Composite-id class does not override equals(): com.example.demo_project.entity.Org_Company_id
11:44:07.753 WARN  [main][RootClass.checkCompositeIdentifier(RootClass.java:290)] HHH000039: Composite-id class does not override hashCode(): com.example.demo_project.entity.Org_Company_id
11:44:08.440 INFO  [main][JtaPlatformInitiator.initiateService(JtaPlatformInitiator.java:52)] HHH000490: Using JtaPlatform implementation: [org.hibernate.engine.transaction.jta.platform.internal.NoJtaPlatform]
11:44:08.459 INFO  [main][LocalContainerEntityManagerFactoryBean.buildNativeEntityManagerFactory(AbstractEntityManagerFactoryBean.java:437)] Initialized JPA EntityManagerFactory for persistence unit 'default'
11:44:12.154 WARN  [main][JpaBaseConfiguration$JpaWebConfiguration.openEntityManagerInViewInterceptor(JpaBaseConfiguration.java:219)] spring.jpa.open-in-view is enabled by default. Therefore, database queries may be performed during view rendering. Explicitly configure spring.jpa.open-in-view to disable this warning
11:44:16.890 INFO  [main][DefaultSecurityFilterChain.<init>(DefaultSecurityFilterChain.java:55)] Will secure any request with [org.springframework.security.web.context.request.async.WebAsyncManagerIntegrationFilter@36a59d8, org.springframework.security.web.context.SecurityContextPersistenceFilter@5d51203b, org.springframework.security.web.header.HeaderWriterFilter@b3c7c75, org.springframework.security.web.csrf.CsrfFilter@21632bf8, org.springframework.security.web.authentication.logout.LogoutFilter@70e560ef, org.springframework.security.web.authentication.UsernamePasswordAuthenticationFilter@7af4286, org.springframework.security.web.authentication.ui.DefaultLoginPageGeneratingFilter@73cd3b8, org.springframework.security.web.authentication.ui.DefaultLogoutPageGeneratingFilter@51751265, org.springframework.security.web.authentication.www.BasicAuthenticationFilter@718b9d56, org.springframework.security.web.savedrequest.RequestCacheAwareFilter@26f0ab88, org.springframework.security.web.servletapi.SecurityContextHolderAwareRequestFilter@6e49863e, org.springframework.security.web.authentication.AnonymousAuthenticationFilter@7f59f4e4, org.springframework.security.web.session.SessionManagementFilter@3325f17, org.springframework.security.web.access.ExceptionTranslationFilter@62a78446, org.springframework.security.web.access.intercept.FilterSecurityInterceptor@16baf8d0]
11:44:17.120 INFO  [main][Http11NioProtocol.log(DirectJDKLog.java:173)] Starting ProtocolHandler ["http-nio-8080"]
11:44:17.166 INFO  [main][TomcatWebServer.start(TomcatWebServer.java:220)] Tomcat started on port(s): 8080 (http) with context path ''
11:44:17.194 INFO  [main][DemoProjectApplication.logStarted(StartupInfoLogger.java:61)] Started DemoProjectApplication in 16.976 seconds (JVM running for 18.072)
11:44:17.748 INFO  [http-nio-8080-exec-2][[/].log(DirectJDKLog.java:173)] Initializing Spring DispatcherServlet 'dispatcherServlet'
11:44:17.749 INFO  [http-nio-8080-exec-2][DispatcherServlet.initServletBean(FrameworkServlet.java:525)] Initializing Servlet 'dispatcherServlet'
11:44:17.752 INFO  [http-nio-8080-exec-2][DispatcherServlet.initServletBean(FrameworkServlet.java:547)] Completed initialization in 2 ms
11:44:17.943 WARN  [http-nio-8080-exec-2][SessionIdGeneratorBase.log(DirectJDKLog.java:173)] Creation of SecureRandom instance for session ID generation using [SHA1PRNG] took [122] milliseconds.
11:45:32.856 INFO  [main][DemoProjectApplication.logStarting(StartupInfoLogger.java:55)] Starting DemoProjectApplication using Java 17.0.2 on DESKTOP-8EH4641 with PID 8656 (D:\firstjava\java1\demo_project\bin\main started by lenovo in D:\firstjava\java1\demo_project)
11:45:32.864 INFO  [main][DemoProjectApplication.logStartupProfileInfo(SpringApplication.java:645)] No active profile set, falling back to 1 default profile: "default"
11:45:34.450 INFO  [main][RepositoryConfigurationDelegate.registerRepositoriesIn(RepositoryConfigurationDelegate.java:132)] Bootstrapping Spring Data JPA repositories in DEFAULT mode.
11:45:34.612 INFO  [main][RepositoryConfigurationDelegate.registerRepositoriesIn(RepositoryConfigurationDelegate.java:201)] Finished Spring Data repository scanning in 143 ms. Found 9 JPA repository interfaces.
11:45:36.607 INFO  [main][TomcatWebServer.initialize(TomcatWebServer.java:108)] Tomcat initialized with port(s): 8080 (http)
11:45:36.628 INFO  [main][Http11NioProtocol.log(DirectJDKLog.java:173)] Initializing ProtocolHandler ["http-nio-8080"]
11:45:36.631 INFO  [main][StandardService.log(DirectJDKLog.java:173)] Starting service [Tomcat]
11:45:36.632 INFO  [main][StandardEngine.log(DirectJDKLog.java:173)] Starting Servlet engine: [Apache Tomcat/9.0.65]
11:45:36.911 INFO  [main][[/].log(DirectJDKLog.java:173)] Initializing Spring embedded WebApplicationContext
11:45:36.915 INFO  [main][ServletWebServerApplicationContext.prepareWebApplicationContext(ServletWebServerApplicationContext.java:290)] Root WebApplicationContext: initialization completed in 3915 ms
11:45:37.204 INFO  [main][HikariDataSource.getConnection(HikariDataSource.java:110)] HikariPool-1 - Starting...
11:45:37.513 INFO  [main][HikariDataSource.getConnection(HikariDataSource.java:123)] HikariPool-1 - Start completed.
11:45:37.807 INFO  [main][LogHelper.logPersistenceUnitInformation(LogHelper.java:31)] HHH000204: Processing PersistenceUnitInfo [name: default]
11:45:37.900 INFO  [main][Version.logVersion(Version.java:44)] HHH000412: Hibernate ORM core version 5.6.11.Final
11:45:38.182 INFO  [main][Version.<clinit>(JavaReflectionManager.java:56)] HCANN000001: Hibernate Commons Annotations {5.1.2.Final}
11:45:38.403 INFO  [main][Dialect.<init>(Dialect.java:175)] HHH000400: Using dialect: org.hibernate.dialect.MySQL8Dialect
11:45:38.815 WARN  [main][RootClass.checkCompositeIdentifier(RootClass.java:287)] HHH000038: Composite-id class does not override equals(): com.example.demo_project.entity.Org_Company_id
11:45:38.818 WARN  [main][RootClass.checkCompositeIdentifier(RootClass.java:290)] HHH000039: Composite-id class does not override hashCode(): com.example.demo_project.entity.Org_Company_id
11:45:39.522 INFO  [main][JtaPlatformInitiator.initiateService(JtaPlatformInitiator.java:52)] HHH000490: Using JtaPlatform implementation: [org.hibernate.engine.transaction.jta.platform.internal.NoJtaPlatform]
11:45:39.538 INFO  [main][LocalContainerEntityManagerFactoryBean.buildNativeEntityManagerFactory(AbstractEntityManagerFactoryBean.java:437)] Initialized JPA EntityManagerFactory for persistence unit 'default'
11:45:42.293 WARN  [main][JpaBaseConfiguration$JpaWebConfiguration.openEntityManagerInViewInterceptor(JpaBaseConfiguration.java:219)] spring.jpa.open-in-view is enabled by default. Therefore, database queries may be performed during view rendering. Explicitly configure spring.jpa.open-in-view to disable this warning
11:45:46.197 INFO  [main][DefaultSecurityFilterChain.<init>(DefaultSecurityFilterChain.java:55)] Will secure any request with [org.springframework.security.web.context.request.async.WebAsyncManagerIntegrationFilter@42516ce2, org.springframework.security.web.context.SecurityContextPersistenceFilter@730611a0, org.springframework.security.web.header.HeaderWriterFilter@2fad50f2, org.springframework.security.web.csrf.CsrfFilter@24c7b944, org.springframework.security.web.authentication.logout.LogoutFilter@7a791e8b, org.springframework.security.web.authentication.UsernamePasswordAuthenticationFilter@64547a83, org.springframework.security.web.authentication.ui.DefaultLoginPageGeneratingFilter@17af9f67, org.springframework.security.web.authentication.ui.DefaultLogoutPageGeneratingFilter@74e111a8, org.springframework.security.web.authentication.www.BasicAuthenticationFilter@3dfe520, org.springframework.security.web.savedrequest.RequestCacheAwareFilter@354ff4f6, org.springframework.security.web.servletapi.SecurityContextHolderAwareRequestFilter@315bb2bb, org.springframework.security.web.authentication.AnonymousAuthenticationFilter@6e6ec9c, org.springframework.security.web.session.SessionManagementFilter@135f760a, org.springframework.security.web.access.ExceptionTranslationFilter@5d180628, org.springframework.security.web.access.intercept.FilterSecurityInterceptor@7a4c1a6c]
11:45:46.396 INFO  [main][Http11NioProtocol.log(DirectJDKLog.java:173)] Starting ProtocolHandler ["http-nio-8080"]
11:45:46.442 INFO  [main][TomcatWebServer.start(TomcatWebServer.java:220)] Tomcat started on port(s): 8080 (http) with context path ''
11:45:46.479 INFO  [main][DemoProjectApplication.logStarted(StartupInfoLogger.java:61)] Started DemoProjectApplication in 14.224 seconds (JVM running for 15.21)
11:45:46.583 INFO  [http-nio-8080-exec-1][[/].log(DirectJDKLog.java:173)] Initializing Spring DispatcherServlet 'dispatcherServlet'
11:45:46.585 INFO  [http-nio-8080-exec-1][DispatcherServlet.initServletBean(FrameworkServlet.java:525)] Initializing Servlet 'dispatcherServlet'
11:45:46.589 INFO  [http-nio-8080-exec-1][DispatcherServlet.initServletBean(FrameworkServlet.java:547)] Completed initialization in 3 ms
11:45:46.796 WARN  [http-nio-8080-exec-1][SessionIdGeneratorBase.log(DirectJDKLog.java:173)] Creation of SecureRandom instance for session ID generation using [SHA1PRNG] took [111] milliseconds.
11:46:29.776 INFO  [main][DemoProjectApplication.logStarting(StartupInfoLogger.java:55)] Starting DemoProjectApplication using Java 17.0.2 on DESKTOP-8EH4641 with PID 11732 (D:\firstjava\java1\demo_project\bin\main started by lenovo in D:\firstjava\java1\demo_project)
11:46:29.798 INFO  [main][DemoProjectApplication.logStartupProfileInfo(SpringApplication.java:645)] No active profile set, falling back to 1 default profile: "default"
11:46:31.381 INFO  [main][RepositoryConfigurationDelegate.registerRepositoriesIn(RepositoryConfigurationDelegate.java:132)] Bootstrapping Spring Data JPA repositories in DEFAULT mode.
11:46:31.571 INFO  [main][RepositoryConfigurationDelegate.registerRepositoriesIn(RepositoryConfigurationDelegate.java:201)] Finished Spring Data repository scanning in 170 ms. Found 9 JPA repository interfaces.
11:46:33.371 INFO  [main][TomcatWebServer.initialize(TomcatWebServer.java:108)] Tomcat initialized with port(s): 8080 (http)
11:46:33.388 INFO  [main][Http11NioProtocol.log(DirectJDKLog.java:173)] Initializing ProtocolHandler ["http-nio-8080"]
11:46:33.390 INFO  [main][StandardService.log(DirectJDKLog.java:173)] Starting service [Tomcat]
11:46:33.391 INFO  [main][StandardEngine.log(DirectJDKLog.java:173)] Starting Servlet engine: [Apache Tomcat/9.0.65]
11:46:33.636 INFO  [main][[/].log(DirectJDKLog.java:173)] Initializing Spring embedded WebApplicationContext
11:46:33.640 INFO  [main][ServletWebServerApplicationContext.prepareWebApplicationContext(ServletWebServerApplicationContext.java:290)] Root WebApplicationContext: initialization completed in 3708 ms
11:46:33.945 INFO  [main][HikariDataSource.getConnection(HikariDataSource.java:110)] HikariPool-1 - Starting...
11:46:34.243 INFO  [main][HikariDataSource.getConnection(HikariDataSource.java:123)] HikariPool-1 - Start completed.
11:46:34.524 INFO  [main][LogHelper.logPersistenceUnitInformation(LogHelper.java:31)] HHH000204: Processing PersistenceUnitInfo [name: default]
11:46:34.627 INFO  [main][Version.logVersion(Version.java:44)] HHH000412: Hibernate ORM core version 5.6.11.Final
11:46:34.913 INFO  [main][Version.<clinit>(JavaReflectionManager.java:56)] HCANN000001: Hibernate Commons Annotations {5.1.2.Final}
11:46:35.233 INFO  [main][Dialect.<init>(Dialect.java:175)] HHH000400: Using dialect: org.hibernate.dialect.MySQL8Dialect
11:46:35.647 WARN  [main][RootClass.checkCompositeIdentifier(RootClass.java:287)] HHH000038: Composite-id class does not override equals(): com.example.demo_project.entity.Org_Company_id
11:46:35.651 WARN  [main][RootClass.checkCompositeIdentifier(RootClass.java:290)] HHH000039: Composite-id class does not override hashCode(): com.example.demo_project.entity.Org_Company_id
11:46:36.297 INFO  [main][JtaPlatformInitiator.initiateService(JtaPlatformInitiator.java:52)] HHH000490: Using JtaPlatform implementation: [org.hibernate.engine.transaction.jta.platform.internal.NoJtaPlatform]
11:46:36.312 INFO  [main][LocalContainerEntityManagerFactoryBean.buildNativeEntityManagerFactory(AbstractEntityManagerFactoryBean.java:437)] Initialized JPA EntityManagerFactory for persistence unit 'default'
11:46:39.269 WARN  [main][JpaBaseConfiguration$JpaWebConfiguration.openEntityManagerInViewInterceptor(JpaBaseConfiguration.java:219)] spring.jpa.open-in-view is enabled by default. Therefore, database queries may be performed during view rendering. Explicitly configure spring.jpa.open-in-view to disable this warning
11:46:42.312 INFO  [main][DefaultSecurityFilterChain.<init>(DefaultSecurityFilterChain.java:55)] Will secure any request with [org.springframework.security.web.context.request.async.WebAsyncManagerIntegrationFilter@16baf8d0, org.springframework.security.web.context.SecurityContextPersistenceFilter@6d92bfaf, org.springframework.security.web.header.HeaderWriterFilter@408708a1, org.springframework.security.web.csrf.CsrfFilter@70ed03e4, org.springframework.security.web.authentication.logout.LogoutFilter@680408ac, org.springframework.security.web.authentication.UsernamePasswordAuthenticationFilter@26401eda, org.springframework.security.web.authentication.ui.DefaultLoginPageGeneratingFilter@3325f17, org.springframework.security.web.authentication.ui.DefaultLogoutPageGeneratingFilter@217abcc9, org.springframework.security.web.authentication.www.BasicAuthenticationFilter@6114902c, org.springframework.security.web.savedrequest.RequestCacheAwareFilter@13157620, org.springframework.security.web.servletapi.SecurityContextHolderAwareRequestFilter@62a78446, org.springframework.security.web.authentication.AnonymousAuthenticationFilter@3123ac1a, org.springframework.security.web.session.SessionManagementFilter@2dacad1d, org.springframework.security.web.access.ExceptionTranslationFilter@40b7e68c, org.springframework.security.web.access.intercept.FilterSecurityInterceptor@149162a4]
11:46:42.484 INFO  [main][Http11NioProtocol.log(DirectJDKLog.java:173)] Starting ProtocolHandler ["http-nio-8080"]
11:46:42.531 INFO  [main][TomcatWebServer.start(TomcatWebServer.java:220)] Tomcat started on port(s): 8080 (http) with context path ''
11:46:42.549 INFO  [main][DemoProjectApplication.logStarted(StartupInfoLogger.java:61)] Started DemoProjectApplication in 13.374 seconds (JVM running for 14.472)
11:47:26.315 INFO  [http-nio-8080-exec-3][[/].log(DirectJDKLog.java:173)] Initializing Spring DispatcherServlet 'dispatcherServlet'
11:47:26.315 INFO  [http-nio-8080-exec-3][DispatcherServlet.initServletBean(FrameworkServlet.java:525)] Initializing Servlet 'dispatcherServlet'
11:47:26.320 INFO  [http-nio-8080-exec-3][DispatcherServlet.initServletBean(FrameworkServlet.java:547)] Completed initialization in 5 ms
11:47:48.820 INFO  [main][DemoProjectApplication.logStarting(StartupInfoLogger.java:55)] Starting DemoProjectApplication using Java 17.0.2 on DESKTOP-8EH4641 with PID 13868 (D:\firstjava\java1\demo_project\bin\main started by lenovo in D:\firstjava\java1\demo_project)
11:47:48.828 INFO  [main][DemoProjectApplication.logStartupProfileInfo(SpringApplication.java:645)] No active profile set, falling back to 1 default profile: "default"
11:47:50.372 INFO  [main][RepositoryConfigurationDelegate.registerRepositoriesIn(RepositoryConfigurationDelegate.java:132)] Bootstrapping Spring Data JPA repositories in DEFAULT mode.
11:47:50.538 INFO  [main][RepositoryConfigurationDelegate.registerRepositoriesIn(RepositoryConfigurationDelegate.java:201)] Finished Spring Data repository scanning in 148 ms. Found 9 JPA repository interfaces.
11:47:52.680 INFO  [main][TomcatWebServer.initialize(TomcatWebServer.java:108)] Tomcat initialized with port(s): 8080 (http)
11:47:52.703 INFO  [main][Http11NioProtocol.log(DirectJDKLog.java:173)] Initializing ProtocolHandler ["http-nio-8080"]
11:47:52.706 INFO  [main][StandardService.log(DirectJDKLog.java:173)] Starting service [Tomcat]
11:47:52.706 INFO  [main][StandardEngine.log(DirectJDKLog.java:173)] Starting Servlet engine: [Apache Tomcat/9.0.65]
11:47:53.007 INFO  [main][[/].log(DirectJDKLog.java:173)] Initializing Spring embedded WebApplicationContext
11:47:53.011 INFO  [main][ServletWebServerApplicationContext.prepareWebApplicationContext(ServletWebServerApplicationContext.java:290)] Root WebApplicationContext: initialization completed in 4052 ms
11:47:53.369 INFO  [main][HikariDataSource.getConnection(HikariDataSource.java:110)] HikariPool-1 - Starting...
11:47:53.770 INFO  [main][HikariDataSource.getConnection(HikariDataSource.java:123)] HikariPool-1 - Start completed.
11:47:54.132 INFO  [main][LogHelper.logPersistenceUnitInformation(LogHelper.java:31)] HHH000204: Processing PersistenceUnitInfo [name: default]
11:47:54.285 INFO  [main][Version.logVersion(Version.java:44)] HHH000412: Hibernate ORM core version 5.6.11.Final
11:47:54.586 INFO  [main][Version.<clinit>(JavaReflectionManager.java:56)] HCANN000001: Hibernate Commons Annotations {5.1.2.Final}
11:47:54.857 INFO  [main][Dialect.<init>(Dialect.java:175)] HHH000400: Using dialect: org.hibernate.dialect.MySQL8Dialect
11:47:55.299 WARN  [main][RootClass.checkCompositeIdentifier(RootClass.java:287)] HHH000038: Composite-id class does not override equals(): com.example.demo_project.entity.Org_Company_id
11:47:55.302 WARN  [main][RootClass.checkCompositeIdentifier(RootClass.java:290)] HHH000039: Composite-id class does not override hashCode(): com.example.demo_project.entity.Org_Company_id
11:47:56.028 INFO  [main][JtaPlatformInitiator.initiateService(JtaPlatformInitiator.java:52)] HHH000490: Using JtaPlatform implementation: [org.hibernate.engine.transaction.jta.platform.internal.NoJtaPlatform]
11:47:56.051 INFO  [main][LocalContainerEntityManagerFactoryBean.buildNativeEntityManagerFactory(AbstractEntityManagerFactoryBean.java:437)] Initialized JPA EntityManagerFactory for persistence unit 'default'
11:47:59.671 WARN  [main][JpaBaseConfiguration$JpaWebConfiguration.openEntityManagerInViewInterceptor(JpaBaseConfiguration.java:219)] spring.jpa.open-in-view is enabled by default. Therefore, database queries may be performed during view rendering. Explicitly configure spring.jpa.open-in-view to disable this warning
11:48:03.636 INFO  [main][DefaultSecurityFilterChain.<init>(DefaultSecurityFilterChain.java:55)] Will secure any request with [org.springframework.security.web.context.request.async.WebAsyncManagerIntegrationFilter@4ba32242, org.springframework.security.web.context.SecurityContextPersistenceFilter@48900d4a, org.springframework.security.web.header.HeaderWriterFilter@6108c962, org.springframework.security.web.csrf.CsrfFilter@52b2713a, org.springframework.security.web.authentication.logout.LogoutFilter@633dce39, org.springframework.security.web.authentication.UsernamePasswordAuthenticationFilter@719e8f9f, org.springframework.security.web.authentication.ui.DefaultLoginPageGeneratingFilter@2b3e2039, org.springframework.security.web.authentication.ui.DefaultLogoutPageGeneratingFilter@581f1f40, org.springframework.security.web.authentication.www.BasicAuthenticationFilter@2bd67cf9, org.springframework.security.web.savedrequest.RequestCacheAwareFilter@51179fad, org.springframework.security.web.servletapi.SecurityContextHolderAwareRequestFilter@2afa1b1a, org.springframework.security.web.authentication.AnonymousAuthenticationFilter@52b2c255, org.springframework.security.web.session.SessionManagementFilter@64455184, org.springframework.security.web.access.ExceptionTranslationFilter@5cbf9aee, org.springframework.security.web.access.intercept.FilterSecurityInterceptor@5cc28282]
11:48:03.859 INFO  [main][Http11NioProtocol.log(DirectJDKLog.java:173)] Starting ProtocolHandler ["http-nio-8080"]
11:48:03.901 INFO  [main][TomcatWebServer.start(TomcatWebServer.java:220)] Tomcat started on port(s): 8080 (http) with context path ''
11:48:03.925 INFO  [main][DemoProjectApplication.logStarted(StartupInfoLogger.java:61)] Started DemoProjectApplication in 15.759 seconds (JVM running for 16.758)
11:48:04.243 INFO  [http-nio-8080-exec-1][[/].log(DirectJDKLog.java:173)] Initializing Spring DispatcherServlet 'dispatcherServlet'
11:48:04.243 INFO  [http-nio-8080-exec-1][DispatcherServlet.initServletBean(FrameworkServlet.java:525)] Initializing Servlet 'dispatcherServlet'
11:48:04.249 INFO  [http-nio-8080-exec-1][DispatcherServlet.initServletBean(FrameworkServlet.java:547)] Completed initialization in 5 ms
11:48:04.485 WARN  [http-nio-8080-exec-1][SessionIdGeneratorBase.log(DirectJDKLog.java:173)] Creation of SecureRandom instance for session ID generation using [SHA1PRNG] took [156] milliseconds.
11:48:39.662 INFO  [main][DemoProjectApplication.logStarting(StartupInfoLogger.java:55)] Starting DemoProjectApplication using Java 17.0.2 on DESKTOP-8EH4641 with PID 12948 (D:\firstjava\java1\demo_project\bin\main started by lenovo in D:\firstjava\java1\demo_project)
11:48:39.671 INFO  [main][DemoProjectApplication.logStartupProfileInfo(SpringApplication.java:645)] No active profile set, falling back to 1 default profile: "default"
11:48:41.254 INFO  [main][RepositoryConfigurationDelegate.registerRepositoriesIn(RepositoryConfigurationDelegate.java:132)] Bootstrapping Spring Data JPA repositories in DEFAULT mode.
11:48:41.432 INFO  [main][RepositoryConfigurationDelegate.registerRepositoriesIn(RepositoryConfigurationDelegate.java:201)] Finished Spring Data repository scanning in 162 ms. Found 9 JPA repository interfaces.
11:48:43.486 INFO  [main][TomcatWebServer.initialize(TomcatWebServer.java:108)] Tomcat initialized with port(s): 8080 (http)
11:48:43.501 INFO  [main][Http11NioProtocol.log(DirectJDKLog.java:173)] Initializing ProtocolHandler ["http-nio-8080"]
11:48:43.503 INFO  [main][StandardService.log(DirectJDKLog.java:173)] Starting service [Tomcat]
11:48:43.504 INFO  [main][StandardEngine.log(DirectJDKLog.java:173)] Starting Servlet engine: [Apache Tomcat/9.0.65]
11:48:43.731 INFO  [main][[/].log(DirectJDKLog.java:173)] Initializing Spring embedded WebApplicationContext
11:48:43.735 INFO  [main][ServletWebServerApplicationContext.prepareWebApplicationContext(ServletWebServerApplicationContext.java:290)] Root WebApplicationContext: initialization completed in 3940 ms
11:48:44.073 INFO  [main][HikariDataSource.getConnection(HikariDataSource.java:110)] HikariPool-1 - Starting...
11:48:44.373 INFO  [main][HikariDataSource.getConnection(HikariDataSource.java:123)] HikariPool-1 - Start completed.
11:48:44.673 INFO  [main][LogHelper.logPersistenceUnitInformation(LogHelper.java:31)] HHH000204: Processing PersistenceUnitInfo [name: default]
11:48:44.764 INFO  [main][Version.logVersion(Version.java:44)] HHH000412: Hibernate ORM core version 5.6.11.Final
11:48:45.055 INFO  [main][Version.<clinit>(JavaReflectionManager.java:56)] HCANN000001: Hibernate Commons Annotations {5.1.2.Final}
11:48:45.261 INFO  [main][Dialect.<init>(Dialect.java:175)] HHH000400: Using dialect: org.hibernate.dialect.MySQL8Dialect
11:48:45.762 WARN  [main][RootClass.checkCompositeIdentifier(RootClass.java:287)] HHH000038: Composite-id class does not override equals(): com.example.demo_project.entity.Org_Company_id
11:48:45.766 WARN  [main][RootClass.checkCompositeIdentifier(RootClass.java:290)] HHH000039: Composite-id class does not override hashCode(): com.example.demo_project.entity.Org_Company_id
11:48:46.421 INFO  [main][JtaPlatformInitiator.initiateService(JtaPlatformInitiator.java:52)] HHH000490: Using JtaPlatform implementation: [org.hibernate.engine.transaction.jta.platform.internal.NoJtaPlatform]
11:48:46.437 INFO  [main][LocalContainerEntityManagerFactoryBean.buildNativeEntityManagerFactory(AbstractEntityManagerFactoryBean.java:437)] Initialized JPA EntityManagerFactory for persistence unit 'default'
11:48:49.875 WARN  [main][JpaBaseConfiguration$JpaWebConfiguration.openEntityManagerInViewInterceptor(JpaBaseConfiguration.java:219)] spring.jpa.open-in-view is enabled by default. Therefore, database queries may be performed during view rendering. Explicitly configure spring.jpa.open-in-view to disable this warning
11:48:54.000 INFO  [main][DefaultSecurityFilterChain.<init>(DefaultSecurityFilterChain.java:55)] Will secure any request with [org.springframework.security.web.context.request.async.WebAsyncManagerIntegrationFilter@18f8c76d, org.springframework.security.web.context.SecurityContextPersistenceFilter@46f3d0f7, org.springframework.security.web.header.HeaderWriterFilter@48900d4a, org.springframework.security.web.csrf.CsrfFilter@52d68eb9, org.springframework.security.web.authentication.logout.LogoutFilter@6db64abf, org.springframework.security.web.authentication.UsernamePasswordAuthenticationFilter@1455a374, org.springframework.security.web.authentication.ui.DefaultLoginPageGeneratingFilter@63574d76, org.springframework.security.web.authentication.ui.DefaultLogoutPageGeneratingFilter@383d2e2d, org.springframework.security.web.authentication.www.BasicAuthenticationFilter@4a9b4d4e, org.springframework.security.web.savedrequest.RequestCacheAwareFilter@1e8c9083, org.springframework.security.web.servletapi.SecurityContextHolderAwareRequestFilter@64547a83, org.springframework.security.web.authentication.AnonymousAuthenticationFilter@7c59f315, org.springframework.security.web.session.SessionManagementFilter@452ea8f0, org.springframework.security.web.access.ExceptionTranslationFilter@41c05747, org.springframework.security.web.access.intercept.FilterSecurityInterceptor@a6fc2e1]
11:48:54.270 INFO  [main][Http11NioProtocol.log(DirectJDKLog.java:173)] Starting ProtocolHandler ["http-nio-8080"]
11:48:54.314 INFO  [main][TomcatWebServer.start(TomcatWebServer.java:220)] Tomcat started on port(s): 8080 (http) with context path ''
11:48:54.340 INFO  [main][DemoProjectApplication.logStarted(StartupInfoLogger.java:61)] Started DemoProjectApplication in 15.312 seconds (JVM running for 16.477)
11:48:54.929 INFO  [http-nio-8080-exec-1][[/].log(DirectJDKLog.java:173)] Initializing Spring DispatcherServlet 'dispatcherServlet'
11:48:54.929 INFO  [http-nio-8080-exec-1][DispatcherServlet.initServletBean(FrameworkServlet.java:525)] Initializing Servlet 'dispatcherServlet'
11:48:54.933 INFO  [http-nio-8080-exec-1][DispatcherServlet.initServletBean(FrameworkServlet.java:547)] Completed initialization in 3 ms
11:48:55.124 WARN  [http-nio-8080-exec-1][SessionIdGeneratorBase.log(DirectJDKLog.java:173)] Creation of SecureRandom instance for session ID generation using [SHA1PRNG] took [117] milliseconds.
